   1              		.cpu arm7tdmi
   2              		.fpu softvfp
   3              		.eabi_attribute 20, 1
   4              		.eabi_attribute 21, 1
   5              		.eabi_attribute 23, 3
   6              		.eabi_attribute 24, 1
   7              		.eabi_attribute 25, 1
   8              		.eabi_attribute 26, 1
   9              		.eabi_attribute 30, 6
  10              		.eabi_attribute 18, 4
  11              		.file	"boton.c"
  21              	.Ltext0:
  22              		.file 1 "../boton.c"
 1911              		.align	2
 1914              	update:
 1915 0000 00000000 		.space	4
 1916              		.global	pausa
 1917              		.align	2
 1920              	pausa:
 1921 0004 00000000 		.space	4
 1922              		.global	resetsymbol
 1923              		.align	2
 1926              	resetsymbol:
 1927 0008 00000000 		.space	4
 1928              		.text
 1929              		.align	2
 1930              		.global	EliminaRebotes
 1932              	EliminaRebotes:
 1933              	.LFB0:
   1:../boton.c    **** /*********************************************************************************************
   2:../boton.c    **** * Fichero:	button.c
   3:../boton.c    **** * Autor:		
   4:../boton.c    **** * Descrip:	Funciones de manejo de los pulsadores (EINT6-7)
   5:../boton.c    **** * Version:	
   6:../boton.c    **** *********************************************************************************************/
   7:../boton.c    **** 
   8:../boton.c    **** /*--- ficheros de cabecera ---*/
   9:../boton.c    **** #include "44b.h"
  10:../boton.c    **** #include "def.h"
  11:../boton.c    **** /*--- variables globales ---*/
  12:../boton.c    **** unsigned int update = 0;
  13:../boton.c    **** unsigned int pausa = 0;
  14:../boton.c    **** unsigned int resetsymbol=0;
  15:../boton.c    **** 
  16:../boton.c    **** /*--- declaracion de funciones ---*/
  17:../boton.c    **** void Eint4567_ISR(void) __attribute__ ((interrupt ("IRQ"))); 
  18:../boton.c    **** void Eint4567_init(void);
  19:../boton.c    **** 
  20:../boton.c    **** #define INTPND  (*(volatile unsigned *)0x01E00004)
  21:../boton.c    **** 
  22:../boton.c    **** void EliminaRebotes(void) {
 1934              		.loc 1 22 0
 1935              		.cfi_startproc
 1936              		@ Function supports interworking.
 1937              		@ args = 0, pretend = 0, frame = 16
 1938              		@ frame_needed = 1, uses_anonymous_args = 0
 1939 0000 0DC0A0E1 		mov	ip, sp
 1940              	.LCFI0:
 1941              		.cfi_def_cfa_register 12
 1942 0004 00D82DE9 		stmfd	sp!, {fp, ip, lr, pc}
 1943 0008 04B04CE2 		sub	fp, ip, #4
 1944              		.cfi_offset 14, -8
 1945              		.cfi_offset 13, -12
 1946              		.cfi_offset 11, -16
 1947              	.LCFI1:
 1948              		.cfi_def_cfa 11, 4
 1949 000c 10D04DE2 		sub	sp, sp, #16
  23:../boton.c    **** 	int i,j,k;
  24:../boton.c    **** 	i=200000;
 1950              		.loc 1 24 0
 1951 0010 44309FE5 		ldr	r3, .L4
 1952 0014 18300BE5 		str	r3, [fp, #-24]
  25:../boton.c    **** 	j=0;
 1953              		.loc 1 25 0
 1954 0018 0030A0E3 		mov	r3, #0
 1955 001c 10300BE5 		str	r3, [fp, #-16]
  26:../boton.c    **** 	while (j!=i){
 1956              		.loc 1 26 0
 1957 0020 060000EA 		b	.L2
 1958              	.L3:
  27:../boton.c    **** 		k=k*j;
 1959              		.loc 1 27 0
 1960 0024 14301BE5 		ldr	r3, [fp, #-20]
 1961 0028 10201BE5 		ldr	r2, [fp, #-16]
 1962 002c 920303E0 		mul	r3, r2, r3
 1963 0030 14300BE5 		str	r3, [fp, #-20]
  28:../boton.c    **** 		j+=1;
 1964              		.loc 1 28 0
 1965 0034 10301BE5 		ldr	r3, [fp, #-16]
 1966 0038 013083E2 		add	r3, r3, #1
 1967 003c 10300BE5 		str	r3, [fp, #-16]
 1968              	.L2:
  26:../boton.c    **** 	while (j!=i){
 1969              		.loc 1 26 0 discriminator 1
 1970 0040 10201BE5 		ldr	r2, [fp, #-16]
 1971 0044 18301BE5 		ldr	r3, [fp, #-24]
 1972 0048 030052E1 		cmp	r2, r3
 1973 004c F4FFFF1A 		bne	.L3
  29:../boton.c    **** 	}
  30:../boton.c    **** }
 1974              		.loc 1 30 0
 1975 0050 0CD04BE2 		sub	sp, fp, #12
 1976 0054 00689DE8 		ldmfd	sp, {fp, sp, lr}
 1977 0058 1EFF2FE1 		bx	lr
 1978              	.L5:
 1979              		.align	2
 1980              	.L4:
 1981 005c 400D0300 		.word	200000
 1982              		.cfi_endproc
 1983              	.LFE0:
 1985              		.align	2
 1986              		.global	Eint4567_init
 1988              	Eint4567_init:
 1989              	.LFB1:
  31:../boton.c    **** /*--- codigo de funciones ---*/
  32:../boton.c    **** void Eint4567_init(void)
  33:../boton.c    **** {
 1990              		.loc 1 33 0
 1991              		.cfi_startproc
 1992              		@ Function supports interworking.
 1993              		@ args = 0, pretend = 0, frame = 0
 1994              		@ frame_needed = 1, uses_anonymous_args = 0
 1995 0060 0DC0A0E1 		mov	ip, sp
 1996              	.LCFI2:
 1997              		.cfi_def_cfa_register 12
 1998 0064 00D82DE9 		stmfd	sp!, {fp, ip, lr, pc}
 1999 0068 04B04CE2 		sub	fp, ip, #4
 2000              		.cfi_offset 14, -8
 2001              		.cfi_offset 13, -12
 2002              		.cfi_offset 11, -16
 2003              	.LCFI3:
 2004              		.cfi_def_cfa 11, 4
  34:../boton.c    **** /*TAREA 1a*/
  35:../boton.c    **** 	/* Configuracion del controlador de interrupciones */
  36:../boton.c    **** 	rI_ISPC=0xFFFFFFFF;	   // Borra INTPND
 2005              		.loc 1 36 0
 2006 006c 94309FE5 		ldr	r3, .L7
 2007 0070 0020E0E3 		mvn	r2, #0
 2008 0074 002083E5 		str	r2, [r3, #0]
  37:../boton.c    **** 	rEXTINTPND = 0xf; 		   // Borra EXTINTPND
 2009              		.loc 1 37 0
 2010 0078 8C309FE5 		ldr	r3, .L7+4
 2011 007c 0F20A0E3 		mov	r2, #15
 2012 0080 002083E5 		str	r2, [r3, #0]
  38:../boton.c    **** 	rINTMOD=0x0;	   // Configura las lineas como de tipo IRQ mediante rINTMOD
 2013              		.loc 1 38 0
 2014 0084 84309FE5 		ldr	r3, .L7+8
 2015 0088 0020A0E3 		mov	r2, #0
 2016 008c 002083E5 		str	r2, [r3, #0]
  39:../boton.c    **** 	rINTCON  =0x1; // Habilita int. vectorizadas y la linea IRQ (FIQ no) mediante rINTCON
 2017              		.loc 1 39 0
 2018 0090 1E36A0E3 		mov	r3, #31457280
 2019 0094 0120A0E3 		mov	r2, #1
 2020 0098 002083E5 		str	r2, [r3, #0]
  40:../boton.c    **** 	rINTMSK = ~(BIT_GLOBAL|BIT_EINT4567); // Emascara todas las lineas excepto eint4567 y el bit globa
 2021              		.loc 1 40 0
 2022 009c 70309FE5 		ldr	r3, .L7+12
 2023 00a0 4226E0E3 		mvn	r2, #69206016
 2024 00a4 002083E5 		str	r2, [r3, #0]
  41:../boton.c    **** 		
  42:../boton.c    **** 	/* Establece la rutina de servicio para Eint4567 */
  43:../boton.c    ****     pISR_EINT4567 = (int)Eint4567_ISR;
 2025              		.loc 1 43 0
 2026 00a8 68309FE5 		ldr	r3, .L7+16
 2027 00ac 68209FE5 		ldr	r2, .L7+20
 2028 00b0 002083E5 		str	r2, [r3, #0]
  44:../boton.c    ****     
  45:../boton.c    ****     /* Configuracion del puerto G */
  46:../boton.c    ****     rPCONG  = 0xffff;        		// Establece la funcion de los pines (EINT0-7)
 2029              		.loc 1 46 0
 2030 00b4 64309FE5 		ldr	r3, .L7+24
 2031 00b8 64209FE5 		ldr	r2, .L7+28
 2032 00bc 002083E5 		str	r2, [r3, #0]
  47:../boton.c    **** 	rPUPG   = 0x0;                  // Habilita el "pull up" del puerto	    
 2033              		.loc 1 47 0
 2034 00c0 60309FE5 		ldr	r3, .L7+32
 2035 00c4 0020A0E3 		mov	r2, #0
 2036 00c8 002083E5 		str	r2, [r3, #0]
  48:../boton.c    **** 	rEXTINT = rEXTINT|0x22222222;   // Configura las lineas de int. como de flanco de bajada	
 2037              		.loc 1 48 0
 2038 00cc 58209FE5 		ldr	r2, .L7+36
 2039 00d0 54309FE5 		ldr	r3, .L7+36
 2040 00d4 001093E5 		ldr	r1, [r3, #0]
 2041 00d8 50309FE5 		ldr	r3, .L7+40
 2042 00dc 033081E1 		orr	r3, r1, r3
 2043 00e0 003082E5 		str	r3, [r2, #0]
  49:../boton.c    **** 
  50:../boton.c    ****     /* Por precaucion, se vuelven a borrar los bits de INTPND y EXTINTPND */
  51:../boton.c    **** 	rI_ISPC=0xFFFFFFFF	;	   // Borra INTPND
 2044              		.loc 1 51 0
 2045 00e4 1C309FE5 		ldr	r3, .L7
 2046 00e8 0020E0E3 		mvn	r2, #0
 2047 00ec 002083E5 		str	r2, [r3, #0]
  52:../boton.c    ****  	rEXTINTPND = 0xf;	   // Borra EXTINTPND
 2048              		.loc 1 52 0
 2049 00f0 14309FE5 		ldr	r3, .L7+4
 2050 00f4 0F20A0E3 		mov	r2, #15
 2051 00f8 002083E5 		str	r2, [r3, #0]
  53:../boton.c    **** /*fin TAREA 1a*/  
  54:../boton.c    **** }
 2052              		.loc 1 54 0
 2053 00fc 0CD04BE2 		sub	sp, fp, #12
 2054 0100 00689DE8 		ldmfd	sp, {fp, sp, lr}
 2055 0104 1EFF2FE1 		bx	lr
 2056              	.L8:
 2057              		.align	2
 2058              	.L7:
 2059 0108 2400E001 		.word	31457316
 2060 010c 5400D201 		.word	30539860
 2061 0110 0800E001 		.word	31457288
 2062 0114 0C00E001 		.word	31457292
 2063 0118 74FF7F0C 		.word	209715060
 2064 011c 00000000 		.word	Eint4567_ISR
 2065 0120 4000D201 		.word	30539840
 2066 0124 FFFF0000 		.word	65535
 2067 0128 4800D201 		.word	30539848
 2068 012c 5000D201 		.word	30539856
 2069 0130 22222222 		.word	572662306
 2070              		.cfi_endproc
 2071              	.LFE1:
 2073              		.align	2
 2074              		.global	Eint4567_ISR
 2076              	Eint4567_ISR:
 2077              	.LFB2:
  55:../boton.c    **** 
  56:../boton.c    **** void Eint4567_ISR(void)
  57:../boton.c    **** {          
 2078              		.loc 1 57 0
 2079              		.cfi_startproc
 2080              		@ Interrupt Service Routine.
 2081              		@ args = 0, pretend = 0, frame = 8
 2082              		@ frame_needed = 1, uses_anonymous_args = 0
 2083 0134 04C02DE5 		str	ip, [sp, #-4]!
 2084 0138 0DC0A0E1 		mov	ip, sp
 2085              	.LCFI4:
 2086              		.cfi_def_cfa_register 12
 2087 013c 0FD82DE9 		stmfd	sp!, {r0, r1, r2, r3, fp, ip, lr, pc}
 2088 0140 04B04CE2 		sub	fp, ip, #4
 2089              		.cfi_offset 14, -8
 2090              		.cfi_offset 13, -12
 2091              		.cfi_offset 11, -16
 2092              		.cfi_offset 3, -20
 2093              		.cfi_offset 2, -24
 2094              		.cfi_offset 1, -28
 2095              		.cfi_offset 0, -32
 2096              	.LCFI5:
 2097              		.cfi_def_cfa 11, 4
 2098 0144 08D04DE2 		sub	sp, sp, #8
  58:../boton.c    ****     int which_int;
  59:../boton.c    **** 	/*TAREA 1b*/
  60:../boton.c    **** 	if(rI_ISPR == 0x00200000 ){
 2099              		.loc 1 60 0
 2100 0148 AC309FE5 		ldr	r3, .L15
 2101 014c 003093E5 		ldr	r3, [r3, #0]
 2102 0150 020653E3 		cmp	r3, #2097152
 2103 0154 2400001A 		bne	.L9
  61:../boton.c    ****     /* Idenficiar la interrupcion */
  62:../boton.c    **** 
  63:../boton.c    **** 	which_int = rEXTINTPND&0xC;
 2104              		.loc 1 63 0
 2105 0158 A0309FE5 		ldr	r3, .L15+4
 2106 015c 003093E5 		ldr	r3, [r3, #0]
 2107 0160 0C3003E2 		and	r3, r3, #12
 2108 0164 20300BE5 		str	r3, [fp, #-32]
  64:../boton.c    **** 
  65:../boton.c    ****     /* Codigo para eliminar rebotes*/
  66:../boton.c    **** 	EliminaRebotes();
 2109              		.loc 1 66 0
 2110 0168 FEFFFFEB 		bl	EliminaRebotes
  67:../boton.c    **** 	/* Reflejar en update el sentido de la actualizacion 
  68:../boton.c    **** 	   Nota: para solucionar los problemas de rebotes en el pulsador 
  69:../boton.c    ****              solo se modifica update cuando se encuentra a cero */ 
  70:../boton.c    **** 
  71:../boton.c    ****        switch (which_int) {
 2111              		.loc 1 71 0
 2112 016c 20301BE5 		ldr	r3, [fp, #-32]
 2113 0170 040053E3 		cmp	r3, #4
 2114 0174 0200000A 		beq	.L12
 2115 0178 080053E3 		cmp	r3, #8
 2116 017c 0B00000A 		beq	.L13
  72:../boton.c    ****       	case 4:
  73:../boton.c    ****       		pausa =! pausa;
  74:../boton.c    ****          	update = 1; // actualizar al simbolo siguiente
  75:../boton.c    ****          	break;
  76:../boton.c    ****       	case 8:
  77:../boton.c    ****       		resetsymbol=1;
  78:../boton.c    ****       	 	update = 5; // actualizar al simbolo anterior
  79:../boton.c    ****       	 	break;
  80:../boton.c    ****       	default:
  81:../boton.c    ****          	break;
 2117              		.loc 1 81 0
 2118 0180 110000EA 		b	.L14
 2119              	.L12:
  73:../boton.c    ****       		pausa =! pausa;
 2120              		.loc 1 73 0
 2121 0184 78309FE5 		ldr	r3, .L15+8
 2122 0188 003093E5 		ldr	r3, [r3, #0]
 2123 018c 000053E3 		cmp	r3, #0
 2124 0190 0020A013 		movne	r2, #0
 2125 0194 0120A003 		moveq	r2, #1
 2126 0198 64309FE5 		ldr	r3, .L15+8
 2127 019c 002083E5 		str	r2, [r3, #0]
  74:../boton.c    ****          	update = 1; // actualizar al simbolo siguiente
 2128              		.loc 1 74 0
 2129 01a0 60309FE5 		ldr	r3, .L15+12
 2130 01a4 0120A0E3 		mov	r2, #1
 2131 01a8 002083E5 		str	r2, [r3, #0]
  75:../boton.c    ****          	break;
 2132              		.loc 1 75 0
 2133 01ac 060000EA 		b	.L14
 2134              	.L13:
  77:../boton.c    ****       		resetsymbol=1;
 2135              		.loc 1 77 0
 2136 01b0 54309FE5 		ldr	r3, .L15+16
 2137 01b4 0120A0E3 		mov	r2, #1
 2138 01b8 002083E5 		str	r2, [r3, #0]
  78:../boton.c    ****       	 	update = 5; // actualizar al simbolo anterior
 2139              		.loc 1 78 0
 2140 01bc 44309FE5 		ldr	r3, .L15+12
 2141 01c0 0520A0E3 		mov	r2, #5
 2142 01c4 002083E5 		str	r2, [r3, #0]
  79:../boton.c    ****       	 	break;
 2143              		.loc 1 79 0
 2144 01c8 0000A0E1 		mov	r0, r0	@ nop
 2145              	.L14:
  82:../boton.c    ****        } 
  83:../boton.c    ****     
  84:../boton.c    ****     /* Finalizar ISR */    
  85:../boton.c    **** 	   rEXTINTPND = 0xf;				// borra los bits en EXTINTPND
 2146              		.loc 1 85 0
 2147 01cc 2C309FE5 		ldr	r3, .L15+4
 2148 01d0 0F20A0E3 		mov	r2, #15
 2149 01d4 002083E5 		str	r2, [r3, #0]
  86:../boton.c    **** 	   rI_ISPC   |= BIT_EINT4567;		// borra el bit pendiente en INTPND
 2150              		.loc 1 86 0
 2151 01d8 30309FE5 		ldr	r3, .L15+20
 2152 01dc 2C209FE5 		ldr	r2, .L15+20
 2153 01e0 002092E5 		ldr	r2, [r2, #0]
 2154 01e4 022682E3 		orr	r2, r2, #2097152
 2155 01e8 002083E5 		str	r2, [r3, #0]
 2156              	.L9:
  87:../boton.c    **** 	/*fin TAREA 1b*/
  88:../boton.c    **** 	}
  89:../boton.c    **** }
 2157              		.loc 1 89 0
 2158 01ec 1CD04BE2 		sub	sp, fp, #28
 2159 01f0 0F689DE8 		ldmfd	sp, {r0, r1, r2, r3, fp, sp, lr}
 2160 01f4 04C09DE4 		ldmfd	sp!, {ip}
 2161 01f8 04F05EE2 		subs	pc, lr, #4
 2162              	.L16:
 2163              		.align	2
 2164              	.L15:
 2165 01fc 2000E001 		.word	31457312
 2166 0200 5400D201 		.word	30539860
 2167 0204 00000000 		.word	pausa
 2168 0208 00000000 		.word	update
 2169 020c 00000000 		.word	resetsymbol
 2170 0210 2400E001 		.word	31457316
 2171              		.cfi_endproc
 2172              	.LFE2:
 2174              	.Letext0:
DEFINED SYMBOLS
                            *ABS*:00000000 boton.c
C:\Users\USUARI~1\AppData\Local\Temp\ccmK1Kgj.s:1914   .bss:00000000 update
C:\Users\USUARI~1\AppData\Local\Temp\ccmK1Kgj.s:1911   .bss:00000000 $d
C:\Users\USUARI~1\AppData\Local\Temp\ccmK1Kgj.s:1920   .bss:00000004 pausa
C:\Users\USUARI~1\AppData\Local\Temp\ccmK1Kgj.s:1926   .bss:00000008 resetsymbol
C:\Users\USUARI~1\AppData\Local\Temp\ccmK1Kgj.s:1929   .text:00000000 $a
C:\Users\USUARI~1\AppData\Local\Temp\ccmK1Kgj.s:1932   .text:00000000 EliminaRebotes
C:\Users\USUARI~1\AppData\Local\Temp\ccmK1Kgj.s:1981   .text:0000005c $d
C:\Users\USUARI~1\AppData\Local\Temp\ccmK1Kgj.s:1985   .text:00000060 $a
C:\Users\USUARI~1\AppData\Local\Temp\ccmK1Kgj.s:1988   .text:00000060 Eint4567_init
C:\Users\USUARI~1\AppData\Local\Temp\ccmK1Kgj.s:2059   .text:00000108 $d
C:\Users\USUARI~1\AppData\Local\Temp\ccmK1Kgj.s:2076   .text:00000134 Eint4567_ISR
C:\Users\USUARI~1\AppData\Local\Temp\ccmK1Kgj.s:2073   .text:00000134 $a
C:\Users\USUARI~1\AppData\Local\Temp\ccmK1Kgj.s:2165   .text:000001fc $d
                     .debug_frame:00000010 $d

NO UNDEFINED SYMBOLS
