   1              		.cpu arm7tdmi
   2              		.fpu softvfp
   3              		.eabi_attribute 20, 1
   4              		.eabi_attribute 21, 1
   5              		.eabi_attribute 23, 3
   6              		.eabi_attribute 24, 1
   7              		.eabi_attribute 25, 1
   8              		.eabi_attribute 26, 1
   9              		.eabi_attribute 30, 6
  10              		.eabi_attribute 18, 4
  11              		.file	"timer.c"
  21              	.Ltext0:
  22              		.file 1 "../timer.c"
 1874              		.align	2
 1875              		.global	timer_ISR
 1877              	timer_ISR:
 1878              	.LFB0:
   1:../timer.c    **** /*********************************************************************************************
   2:../timer.c    **** * Fichero:		timer.c
   3:../timer.c    **** * Autor:		
   4:../timer.c    **** * Descrip:		funciones de control del timer0 del s3c44b0x
   5:../timer.c    **** * Version:	
   6:../timer.c    **** *********************************************************************************************/
   7:../timer.c    **** 
   8:../timer.c    **** /*--- ficheros de cabecera ---*/
   9:../timer.c    **** #include "44b.h"
  10:../timer.c    **** #include "44blib.h"
  11:../timer.c    **** 
  12:../timer.c    **** extern int resetsymbol;
  13:../timer.c    **** extern int symbol;
  14:../timer.c    **** extern int pausa;
  15:../timer.c    **** extern char actual;
  16:../timer.c    **** 
  17:../timer.c    **** 
  18:../timer.c    **** //*--- declaracion de funciones ---*/
  19:../timer.c    **** void timer_ISR(void) __attribute__ ((interrupt ("IRQ")));
  20:../timer.c    **** void timer_init(void);
  21:../timer.c    **** 
  22:../timer.c    **** /*--- codigo de las funciones ---*/
  23:../timer.c    **** void timer_ISR(void)
  24:../timer.c    **** {  /*  TAREA 2a */
 1879              		.loc 1 24 0
 1880              		.cfi_startproc
 1881              		@ Interrupt Service Routine.
 1882              		@ args = 0, pretend = 0, frame = 0
 1883              		@ frame_needed = 1, uses_anonymous_args = 0
 1884 0000 04C02DE5 		str	ip, [sp, #-4]!
 1885 0004 0DC0A0E1 		mov	ip, sp
 1886              	.LCFI0:
 1887              		.cfi_def_cfa_register 12
 1888 0008 0FD82DE9 		stmfd	sp!, {r0, r1, r2, r3, fp, ip, lr, pc}
 1889 000c 04B04CE2 		sub	fp, ip, #4
 1890              		.cfi_offset 14, -8
 1891              		.cfi_offset 13, -12
 1892              		.cfi_offset 11, -16
 1893              		.cfi_offset 3, -20
 1894              		.cfi_offset 2, -24
 1895              		.cfi_offset 1, -28
 1896              		.cfi_offset 0, -32
 1897              	.LCFI1:
 1898              		.cfi_def_cfa 11, 4
  25:../timer.c    ****         /*Actualizar ocho seg con cada int. del timer */
  26:../timer.c    **** 	D8Led_parpadear();
 1899              		.loc 1 26 0
 1900 0010 FEFFFFEB 		bl	D8Led_parpadear
  27:../timer.c    **** 
  28:../timer.c    **** 	leds_switch(); 	/* intercambia los leds*/
 1901              		.loc 1 28 0
 1902 0014 FEFFFFEB 		bl	leds_switch
  29:../timer.c    **** 	/* borrar bit en I_ISPC */
  30:../timer.c    **** 	rI_ISPC |= BIT_TIMER0;
 1903              		.loc 1 30 0
 1904 0018 1C309FE5 		ldr	r3, .L2
 1905 001c 18209FE5 		ldr	r2, .L2
 1906 0020 002092E5 		ldr	r2, [r2, #0]
 1907 0024 022A82E3 		orr	r2, r2, #8192
 1908 0028 002083E5 		str	r2, [r3, #0]
  31:../timer.c    **** 	/*fin Tarea 2a*/
  32:../timer.c    **** }
 1909              		.loc 1 32 0
 1910 002c 1CD04BE2 		sub	sp, fp, #28
 1911 0030 0F689DE8 		ldmfd	sp, {r0, r1, r2, r3, fp, sp, lr}
 1912 0034 04C09DE4 		ldmfd	sp!, {ip}
 1913 0038 04F05EE2 		subs	pc, lr, #4
 1914              	.L3:
 1915              		.align	2
 1916              	.L2:
 1917 003c 2400E001 		.word	31457316
 1918              		.cfi_endproc
 1919              	.LFE0:
 1921              		.align	2
 1922              		.global	timer_init
 1924              	timer_init:
 1925              	.LFB1:
  33:../timer.c    **** 
  34:../timer.c    **** void timer_init(void)
  35:../timer.c    **** {
 1926              		.loc 1 35 0
 1927              		.cfi_startproc
 1928              		@ Function supports interworking.
 1929              		@ args = 0, pretend = 0, frame = 0
 1930              		@ frame_needed = 1, uses_anonymous_args = 0
 1931 0040 0DC0A0E1 		mov	ip, sp
 1932              	.LCFI2:
 1933              		.cfi_def_cfa_register 12
 1934 0044 00D82DE9 		stmfd	sp!, {fp, ip, lr, pc}
 1935 0048 04B04CE2 		sub	fp, ip, #4
 1936              		.cfi_offset 14, -8
 1937              		.cfi_offset 13, -12
 1938              		.cfi_offset 11, -16
 1939              	.LCFI3:
 1940              		.cfi_def_cfa 11, 4
  36:../timer.c    **** /*TAREA 2b*/
  37:../timer.c    **** 	/* Configuraion controlador de interrupciones */
  38:../timer.c    **** 	rINTMOD=0x0; // Configura las linas como de tipo IRQ
 1941              		.loc 1 38 0
 1942 004c 88309FE5 		ldr	r3, .L5
 1943 0050 0020A0E3 		mov	r2, #0
 1944 0054 002083E5 		str	r2, [r3, #0]
  39:../timer.c    **** 	rINTCON  =0x1;  // Habilita int. vectorizadas y la linea IRQ (FIQ no)
 1945              		.loc 1 39 0
 1946 0058 1E36A0E3 		mov	r3, #31457280
 1947 005c 0120A0E3 		mov	r2, #1
 1948 0060 002083E5 		str	r2, [r3, #0]
  40:../timer.c    **** 	rINTMSK &= ~(BIT_GLOBAL|BIT_TIMER0);  // habilita Timer0 y el bit global
 1949              		.loc 1 40 0
 1950 0064 74209FE5 		ldr	r2, .L5+4
 1951 0068 70309FE5 		ldr	r3, .L5+4
 1952 006c 003093E5 		ldr	r3, [r3, #0]
 1953 0070 0133C3E3 		bic	r3, r3, #67108864
 1954 0074 023AC3E3 		bic	r3, r3, #8192
 1955 0078 003082E5 		str	r3, [r2, #0]
  41:../timer.c    **** 		
  42:../timer.c    **** 	/* Establece la rutina de servicio para TIMER0 */
  43:../timer.c    **** 	pISR_TIMER0=(unsigned)timer_ISR;
 1956              		.loc 1 43 0
 1957 007c 60309FE5 		ldr	r3, .L5+8
 1958 0080 60209FE5 		ldr	r2, .L5+12
 1959 0084 002083E5 		str	r2, [r3, #0]
  44:../timer.c    **** 
  45:../timer.c    **** /*fin TAREA 2b*/	
  46:../timer.c    **** 
  47:../timer.c    **** 	/* Configura el Timer0 */
  48:../timer.c    ****     rTCFG0 = 255;
 1960              		.loc 1 48 0
 1961 0088 5C309FE5 		ldr	r3, .L5+16
 1962 008c FF20A0E3 		mov	r2, #255
 1963 0090 002083E5 		str	r2, [r3, #0]
  49:../timer.c    ****     rTCFG1 = 0x0;
 1964              		.loc 1 49 0
 1965 0094 54309FE5 		ldr	r3, .L5+20
 1966 0098 0020A0E3 		mov	r2, #0
 1967 009c 002083E5 		str	r2, [r3, #0]
  50:../timer.c    ****     rTCNTB0 = 65535;
 1968              		.loc 1 50 0
 1969 00a0 4C309FE5 		ldr	r3, .L5+24
 1970 00a4 4C209FE5 		ldr	r2, .L5+28
 1971 00a8 002083E5 		str	r2, [r3, #0]
  51:../timer.c    ****     rTCMPB0 = 12800;
 1972              		.loc 1 51 0
 1973 00ac 48309FE5 		ldr	r3, .L5+32
 1974 00b0 322CA0E3 		mov	r2, #12800
 1975 00b4 002083E5 		str	r2, [r3, #0]
  52:../timer.c    ****     /* establecer update=manual + inverter=on */
  53:../timer.c    **** 	rTCON = 0x2;
 1976              		.loc 1 53 0
 1977 00b8 40309FE5 		ldr	r3, .L5+36
 1978 00bc 0220A0E3 		mov	r2, #2
 1979 00c0 002083E5 		str	r2, [r3, #0]
  54:../timer.c    **** 	/* inicial timer con auto-reload */
  55:../timer.c    ****     rTCON  = 0x09;
 1980              		.loc 1 55 0
 1981 00c4 34309FE5 		ldr	r3, .L5+36
 1982 00c8 0920A0E3 		mov	r2, #9
 1983 00cc 002083E5 		str	r2, [r3, #0]
  56:../timer.c    **** 
  57:../timer.c    **** }
 1984              		.loc 1 57 0
 1985 00d0 0CD04BE2 		sub	sp, fp, #12
 1986 00d4 00689DE8 		ldmfd	sp, {fp, sp, lr}
 1987 00d8 1EFF2FE1 		bx	lr
 1988              	.L6:
 1989              		.align	2
 1990              	.L5:
 1991 00dc 0800E001 		.word	31457288
 1992 00e0 0C00E001 		.word	31457292
 1993 00e4 54FF7F0C 		.word	209715028
 1994 00e8 00000000 		.word	timer_ISR
 1995 00ec 0000D501 		.word	30736384
 1996 00f0 0400D501 		.word	30736388
 1997 00f4 0C00D501 		.word	30736396
 1998 00f8 FFFF0000 		.word	65535
 1999 00fc 1000D501 		.word	30736400
 2000 0100 0800D501 		.word	30736392
 2001              		.cfi_endproc
 2002              	.LFE1:
 2004              	.Letext0:
DEFINED SYMBOLS
                            *ABS*:00000000 timer.c
C:\Users\USUARI~1\AppData\Local\Temp\ccRsVVv2.s:1874   .text:00000000 $a
C:\Users\USUARI~1\AppData\Local\Temp\ccRsVVv2.s:1877   .text:00000000 timer_ISR
C:\Users\USUARI~1\AppData\Local\Temp\ccRsVVv2.s:1917   .text:0000003c $d
C:\Users\USUARI~1\AppData\Local\Temp\ccRsVVv2.s:1921   .text:00000040 $a
C:\Users\USUARI~1\AppData\Local\Temp\ccRsVVv2.s:1924   .text:00000040 timer_init
C:\Users\USUARI~1\AppData\Local\Temp\ccRsVVv2.s:1991   .text:000000dc $d
                     .debug_frame:00000010 $d

UNDEFINED SYMBOLS
D8Led_parpadear
leds_switch
