   1              	# 1 "../rgb2GrayMatrix.S"
   1              	
   0              	
   0              	
   0              	
   2              		.global RGB2GrayMatrix
   3              	
   4              		RGB2GrayMatrix:
   5              			@En r0 tenemos la direccion de la matriz rgb
   6              			@En r1 tenemos la direccion de la matriz de grises
   7              			@En r2 tenemos nfilas
   8              			@En r3 tenemos ncols
   9              	
  10 0000 04E02DE5 			PUSH {lr}
  11              	
  12 0004 930202E0 			mul r2, r3, r2			@En r2 tenemos nfilas*ncols := N
  13 0008 022081E0 			add r2, r1, r2 			@Ahora en r2 ponemos el margen final: destino_final:= destino + N
  14              	
  15 000c 020051E1 	buclei:	cmp  r1, r2				@destino_actual = destino_final?
  16 0010 0700000A 			beq endBuclei
  17              	
  18 0014 07002DE9 			PUSH {r0, r1, r2}		@Guardamos los registros por si algún chino los toca luego en la subrutina
  19 0018 FEFFFFEB 			bl rgb2gray				@Llamamos a la subrutina
  20              	
  21 001c 0300A0E1 			mov r0, r3				@El valor devuelto se pasa a r3 para mantenerlo
  22 0020 0700BDE8 			POP {r0, r1, r2}		@Recuperamos los valores anteriores a la llamada
  23              	
  24 0024 0030C1E5 			strb r3, [r1]			@dest[] = rgb2Gray()
  25              	
  26 0028 040080E2 			add r0, r0, #4			@orig := orig + 4
  27 002c 011081E2 			add r1, r1, #1			@destino := destino + 1
  28 0030 F5FFFFEA 			b buclei
  29              	
  30              	endBuclei:
  31              	
  32 0034 04F09DE4 			pop {pc}
  33              	
  34              			@Ignacio Iker Prado Rujas, Enrique Ballesteros Horcajo
DEFINED SYMBOLS
 ../rgb2GrayMatrix.S:4      .text:00000000 RGB2GrayMatrix
 ../rgb2GrayMatrix.S:10     .text:00000000 $a
 ../rgb2GrayMatrix.S:15     .text:0000000c buclei
 ../rgb2GrayMatrix.S:30     .text:00000034 endBuclei
                   .debug_aranges:0000000c $d

UNDEFINED SYMBOLS
rgb2gray
