   1              		.cpu arm7tdmi
   2              		.fpu softvfp
   3              		.eabi_attribute 20, 1
   4              		.eabi_attribute 21, 1
   5              		.eabi_attribute 23, 3
   6              		.eabi_attribute 24, 1
   7              		.eabi_attribute 25, 1
   8              		.eabi_attribute 26, 1
   9              		.eabi_attribute 30, 6
  10              		.eabi_attribute 18, 4
  11              		.file	"keyboard.c"
  21              	.Ltext0:
  22              		.file 1 "../keyboard.c"
 3051              		.align	2
 3054              	keyboard_base:
 3055 0000 00000006 		.word	100663296
 3056              		.comm	key,4,4
 3057              		.global	modo
 3058              		.align	2
 3061              	modo:
 3062 0004 01000000 		.word	1
 3063              		.text
 3064              		.align	2
 3065              		.global	EliminaRebotes
 3067              	EliminaRebotes:
 3068              	.LFB0:
   1:../keyboard.c **** /*******************************************************************************************
   2:../keyboard.c **** * File:		keyboard.c
   3:../keyboard.c **** * Author:	
   4:../keyboard.c **** * Desc:		Funciones de teclado
   5:../keyboard.c **** * History:	
   6:../keyboard.c **** *********************************************************************************************/
   7:../keyboard.c **** 
   8:../keyboard.c **** /*--- Ficheros de cabecera ---*/
   9:../keyboard.c **** #include "44b.h"
  10:../keyboard.c **** #include "44blib.h"
  11:../keyboard.c **** #include "def.h"
  12:../keyboard.c **** #include "keyboard.h"
  13:../keyboard.c **** #include "buffer.h"
  14:../keyboard.c **** #include "8seg.h"
  15:../keyboard.c **** #include <stdio.h>
  16:../keyboard.c **** #include <stdlib.h>
  17:../keyboard.c **** 
  18:../keyboard.c **** 
  19:../keyboard.c **** /*--- Variables globales ---*/
  20:../keyboard.c **** volatile UCHAR *keyboard_base = (UCHAR *)0x06000000;
  21:../keyboard.c **** int key;
  22:../keyboard.c **** int modo = 1;
  23:../keyboard.c **** 
  24:../keyboard.c **** void Eint1_ISR(void) __attribute__ ((interrupt ("IRQ")));
  25:../keyboard.c **** void init_keyboard(void);
  26:../keyboard.c **** int key_read();
  27:../keyboard.c **** /*--- Codigo de las funciones ---*/
  28:../keyboard.c **** 
  29:../keyboard.c **** void EliminaRebotes(void) {
 3069              		.loc 1 29 0
 3070              		.cfi_startproc
 3071              		@ Function supports interworking.
 3072              		@ args = 0, pretend = 0, frame = 16
 3073              		@ frame_needed = 1, uses_anonymous_args = 0
 3074 0000 0DC0A0E1 		mov	ip, sp
 3075              	.LCFI0:
 3076              		.cfi_def_cfa_register 12
 3077 0004 00D82DE9 		stmfd	sp!, {fp, ip, lr, pc}
 3078 0008 04B04CE2 		sub	fp, ip, #4
 3079              		.cfi_offset 14, -8
 3080              		.cfi_offset 13, -12
 3081              		.cfi_offset 11, -16
 3082              	.LCFI1:
 3083              		.cfi_def_cfa 11, 4
 3084 000c 10D04DE2 		sub	sp, sp, #16
  30:../keyboard.c **** 	int i,j,k;
  31:../keyboard.c **** 	i=200000;
 3085              		.loc 1 31 0
 3086 0010 44309FE5 		ldr	r3, .L4
 3087 0014 18300BE5 		str	r3, [fp, #-24]
  32:../keyboard.c **** 	j=0;
 3088              		.loc 1 32 0
 3089 0018 0030A0E3 		mov	r3, #0
 3090 001c 10300BE5 		str	r3, [fp, #-16]
  33:../keyboard.c **** 	while (j!=i){
 3091              		.loc 1 33 0
 3092 0020 060000EA 		b	.L2
 3093              	.L3:
  34:../keyboard.c **** 		k=k*j;
 3094              		.loc 1 34 0
 3095 0024 14301BE5 		ldr	r3, [fp, #-20]
 3096 0028 10201BE5 		ldr	r2, [fp, #-16]
 3097 002c 920303E0 		mul	r3, r2, r3
 3098 0030 14300BE5 		str	r3, [fp, #-20]
  35:../keyboard.c **** 		j+=1;
 3099              		.loc 1 35 0
 3100 0034 10301BE5 		ldr	r3, [fp, #-16]
 3101 0038 013083E2 		add	r3, r3, #1
 3102 003c 10300BE5 		str	r3, [fp, #-16]
 3103              	.L2:
  33:../keyboard.c **** 	while (j!=i){
 3104              		.loc 1 33 0 discriminator 1
 3105 0040 10201BE5 		ldr	r2, [fp, #-16]
 3106 0044 18301BE5 		ldr	r3, [fp, #-24]
 3107 0048 030052E1 		cmp	r2, r3
 3108 004c F4FFFF1A 		bne	.L3
  36:../keyboard.c **** 	}
  37:../keyboard.c **** }
 3109              		.loc 1 37 0
 3110 0050 0CD04BE2 		sub	sp, fp, #12
 3111 0054 00689DE8 		ldmfd	sp, {fp, sp, lr}
 3112 0058 1EFF2FE1 		bx	lr
 3113              	.L5:
 3114              		.align	2
 3115              	.L4:
 3116 005c 400D0300 		.word	200000
 3117              		.cfi_endproc
 3118              	.LFE0:
 3120              		.align	2
 3121              		.global	init_keyboard
 3123              	init_keyboard:
 3124              	.LFB1:
  38:../keyboard.c **** 
  39:../keyboard.c **** void init_keyboard()
  40:../keyboard.c **** {
 3125              		.loc 1 40 0
 3126              		.cfi_startproc
 3127              		@ Function supports interworking.
 3128              		@ args = 0, pretend = 0, frame = 0
 3129              		@ frame_needed = 1, uses_anonymous_args = 0
 3130 0060 0DC0A0E1 		mov	ip, sp
 3131              	.LCFI2:
 3132              		.cfi_def_cfa_register 12
 3133 0064 00D82DE9 		stmfd	sp!, {fp, ip, lr, pc}
 3134 0068 04B04CE2 		sub	fp, ip, #4
 3135              		.cfi_offset 14, -8
 3136              		.cfi_offset 13, -12
 3137              		.cfi_offset 11, -16
 3138              	.LCFI3:
 3139              		.cfi_def_cfa 11, 4
  41:../keyboard.c **** // A implementar por los alumnos
  42:../keyboard.c **** 	 //Configuracion del controlador de interrupciones
  43:../keyboard.c **** 		rI_ISPC=0xFFFFFFFF	;	   // Borra INTPND
 3140              		.loc 1 43 0
 3141 006c 94309FE5 		ldr	r3, .L7
 3142 0070 0020E0E3 		mvn	r2, #0
 3143 0074 002083E5 		str	r2, [r3, #0]
  44:../keyboard.c **** 		rEXTINTPND = 0xf; 		   // Borra EXTINTPND
 3144              		.loc 1 44 0
 3145 0078 8C309FE5 		ldr	r3, .L7+4
 3146 007c 0F20A0E3 		mov	r2, #15
 3147 0080 002083E5 		str	r2, [r3, #0]
  45:../keyboard.c **** 		rINTMOD=0x0;	   // Configura las lineas como de tipo IRQ mediante rINTMOD
 3148              		.loc 1 45 0
 3149 0084 84309FE5 		ldr	r3, .L7+8
 3150 0088 0020A0E3 		mov	r2, #0
 3151 008c 002083E5 		str	r2, [r3, #0]
  46:../keyboard.c **** 		rINTCON  =0x1; // Habilita int. vectorizadas y la linea IRQ (FIQ no) mediante rINTCON
 3152              		.loc 1 46 0
 3153 0090 1E36A0E3 		mov	r3, #31457280
 3154 0094 0120A0E3 		mov	r2, #1
 3155 0098 002083E5 		str	r2, [r3, #0]
  47:../keyboard.c **** 			// Emascara todas las lineas excepto eint1y el bit global mediante rINTMSK
  48:../keyboard.c **** 		rINTMSK = ~(BIT_GLOBAL|BIT_EINT1);
 3156              		.loc 1 48 0
 3157 009c 70309FE5 		ldr	r3, .L7+12
 3158 00a0 0524E0E3 		mvn	r2, #83886080
 3159 00a4 002083E5 		str	r2, [r3, #0]
  49:../keyboard.c **** 		/*Establece la rutina de servicio para Eint1 */
  50:../keyboard.c **** 		pISR_EINT1 = (int)Eint1_ISR;
 3160              		.loc 1 50 0
 3161 00a8 68309FE5 		ldr	r3, .L7+16
 3162 00ac 68209FE5 		ldr	r2, .L7+20
 3163 00b0 002083E5 		str	r2, [r3, #0]
  51:../keyboard.c **** 	    /* Configuracion del puerto G */
  52:../keyboard.c **** 	    rPCONG  = 0xffff;        		// Establece la funcion de los pines (EINT0-7)
 3164              		.loc 1 52 0
 3165 00b4 64309FE5 		ldr	r3, .L7+24
 3166 00b8 64209FE5 		ldr	r2, .L7+28
 3167 00bc 002083E5 		str	r2, [r3, #0]
  53:../keyboard.c **** 		rPUPG   = 0x0;                  // Habilita el "pull up" del puerto
 3168              		.loc 1 53 0
 3169 00c0 60309FE5 		ldr	r3, .L7+32
 3170 00c4 0020A0E3 		mov	r2, #0
 3171 00c8 002083E5 		str	r2, [r3, #0]
  54:../keyboard.c **** 		rEXTINT = rEXTINT|0x22222222;   // Configura las lineas de int. como de flanco de bajada
 3172              		.loc 1 54 0
 3173 00cc 58209FE5 		ldr	r2, .L7+36
 3174 00d0 54309FE5 		ldr	r3, .L7+36
 3175 00d4 001093E5 		ldr	r1, [r3, #0]
 3176 00d8 50309FE5 		ldr	r3, .L7+40
 3177 00dc 033081E1 		orr	r3, r1, r3
 3178 00e0 003082E5 		str	r3, [r2, #0]
  55:../keyboard.c **** 
  56:../keyboard.c **** 	    /* Por precaucion, se vuelven a borrar los bits de INTPND y EXTINTPND */
  57:../keyboard.c **** 		rI_ISPC=0xFFFFFFFF	;	   // Borra INTPND
 3179              		.loc 1 57 0
 3180 00e4 1C309FE5 		ldr	r3, .L7
 3181 00e8 0020E0E3 		mvn	r2, #0
 3182 00ec 002083E5 		str	r2, [r3, #0]
  58:../keyboard.c **** 	 	rEXTINTPND = 0xf;	   // Borra EXTINTPND
 3183              		.loc 1 58 0
 3184 00f0 14309FE5 		ldr	r3, .L7+4
 3185 00f4 0F20A0E3 		mov	r2, #15
 3186 00f8 002083E5 		str	r2, [r3, #0]
  59:../keyboard.c **** 
  60:../keyboard.c **** 
  61:../keyboard.c **** }
 3187              		.loc 1 61 0
 3188 00fc 0CD04BE2 		sub	sp, fp, #12
 3189 0100 00689DE8 		ldmfd	sp, {fp, sp, lr}
 3190 0104 1EFF2FE1 		bx	lr
 3191              	.L8:
 3192              		.align	2
 3193              	.L7:
 3194 0108 2400E001 		.word	31457316
 3195 010c 5400D201 		.word	30539860
 3196 0110 0800E001 		.word	31457288
 3197 0114 0C00E001 		.word	31457292
 3198 0118 80FF7F0C 		.word	209715072
 3199 011c 00000000 		.word	Eint1_ISR
 3200 0120 4000D201 		.word	30539840
 3201 0124 FFFF0000 		.word	65535
 3202 0128 4800D201 		.word	30539848
 3203 012c 5000D201 		.word	30539856
 3204 0130 22222222 		.word	572662306
 3205              		.cfi_endproc
 3206              	.LFE1:
 3208              		.align	2
 3209              		.global	Eint1_ISR
 3211              	Eint1_ISR:
 3212              	.LFB2:
  62:../keyboard.c **** void Eint1_ISR(){
 3213              		.loc 1 62 0
 3214              		.cfi_startproc
 3215              		@ Interrupt Service Routine.
 3216              		@ args = 0, pretend = 0, frame = 0
 3217              		@ frame_needed = 1, uses_anonymous_args = 0
 3218 0134 04C02DE5 		str	ip, [sp, #-4]!
 3219 0138 0DC0A0E1 		mov	ip, sp
 3220              	.LCFI4:
 3221              		.cfi_def_cfa_register 12
 3222 013c 0FD82DE9 		stmfd	sp!, {r0, r1, r2, r3, fp, ip, lr, pc}
 3223 0140 04B04CE2 		sub	fp, ip, #4
 3224              		.cfi_offset 14, -8
 3225              		.cfi_offset 13, -12
 3226              		.cfi_offset 11, -16
 3227              		.cfi_offset 3, -20
 3228              		.cfi_offset 2, -24
 3229              		.cfi_offset 1, -28
 3230              		.cfi_offset 0, -32
 3231              	.LCFI5:
 3232              		.cfi_def_cfa 11, 4
  63:../keyboard.c **** 	key = key_read();
 3233              		.loc 1 63 0
 3234 0144 FEFFFFEB 		bl	key_read
 3235 0148 0020A0E1 		mov	r2, r0
 3236 014c 6C309FE5 		ldr	r3, .L13
 3237 0150 002083E5 		str	r2, [r3, #0]
  64:../keyboard.c **** 	if (key == 15 || key == -1)
 3238              		.loc 1 64 0
 3239 0154 64309FE5 		ldr	r3, .L13
 3240 0158 003093E5 		ldr	r3, [r3, #0]
 3241 015c 0F0053E3 		cmp	r3, #15
 3242 0160 0300000A 		beq	.L10
 3243              		.loc 1 64 0 is_stmt 0 discriminator 1
 3244 0164 54309FE5 		ldr	r3, .L13
 3245 0168 003093E5 		ldr	r3, [r3, #0]
 3246 016c 010073E3 		cmn	r3, #1
 3247 0170 0100001A 		bne	.L11
 3248              	.L10:
  65:../keyboard.c **** 		EliminaRebotes();
 3249              		.loc 1 65 0 is_stmt 1
 3250 0174 FEFFFFEB 		bl	EliminaRebotes
 3251 0178 030000EA 		b	.L12
 3252              	.L11:
  66:../keyboard.c **** 	else
  67:../keyboard.c **** 		insertarClave(key);
 3253              		.loc 1 67 0
 3254 017c 3C309FE5 		ldr	r3, .L13
 3255 0180 003093E5 		ldr	r3, [r3, #0]
 3256 0184 0300A0E1 		mov	r0, r3
 3257 0188 FEFFFFEB 		bl	insertarClave
 3258              	.L12:
  68:../keyboard.c **** 
  69:../keyboard.c **** 
  70:../keyboard.c **** 	EliminaRebotes();
 3259              		.loc 1 70 0
 3260 018c FEFFFFEB 		bl	EliminaRebotes
  71:../keyboard.c **** 	rEXTINTPND = 0xf;				// borra los bits en EXTINTPND
 3261              		.loc 1 71 0
 3262 0190 2C309FE5 		ldr	r3, .L13+4
 3263 0194 0F20A0E3 		mov	r2, #15
 3264 0198 002083E5 		str	r2, [r3, #0]
  72:../keyboard.c **** 	rI_ISPC   |= BIT_EINT1;		// borra el bit pendiente en INTPND
 3265              		.loc 1 72 0
 3266 019c 24309FE5 		ldr	r3, .L13+8
 3267 01a0 20209FE5 		ldr	r2, .L13+8
 3268 01a4 002092E5 		ldr	r2, [r2, #0]
 3269 01a8 012482E3 		orr	r2, r2, #16777216
 3270 01ac 002083E5 		str	r2, [r3, #0]
  73:../keyboard.c **** }
 3271              		.loc 1 73 0
 3272 01b0 1CD04BE2 		sub	sp, fp, #28
 3273 01b4 0F689DE8 		ldmfd	sp, {r0, r1, r2, r3, fp, sp, lr}
 3274 01b8 04C09DE4 		ldmfd	sp!, {ip}
 3275 01bc 04F05EE2 		subs	pc, lr, #4
 3276              	.L14:
 3277              		.align	2
 3278              	.L13:
 3279 01c0 00000000 		.word	key
 3280 01c4 5400D201 		.word	30539860
 3281 01c8 2400E001 		.word	31457316
 3282              		.cfi_endproc
 3283              	.LFE2:
 3285              		.align	2
 3286              		.global	key_read
 3288              	key_read:
 3289              	.LFB3:
  74:../keyboard.c **** // Funcion que devuelve un entero (0..15) que
  75:../keyboard.c **** // representa la tecla pulsada
  76:../keyboard.c **** // Debe invocarse desde la rutina de tratamiento de interrupci—n
  77:../keyboard.c **** int key_read()
  78:../keyboard.c **** {
 3290              		.loc 1 78 0
 3291              		.cfi_startproc
 3292              		@ Function supports interworking.
 3293              		@ args = 0, pretend = 0, frame = 8
 3294              		@ frame_needed = 1, uses_anonymous_args = 0
 3295 01cc 0DC0A0E1 		mov	ip, sp
 3296              	.LCFI6:
 3297              		.cfi_def_cfa_register 12
 3298 01d0 00D82DE9 		stmfd	sp!, {fp, ip, lr, pc}
 3299 01d4 04B04CE2 		sub	fp, ip, #4
 3300              		.cfi_offset 14, -8
 3301              		.cfi_offset 13, -12
 3302              		.cfi_offset 11, -16
 3303              	.LCFI7:
 3304              		.cfi_def_cfa 11, 4
 3305 01d8 08D04DE2 		sub	sp, sp, #8
  79:../keyboard.c **** 	int value;
  80:../keyboard.c **** 	char temp;
  81:../keyboard.c **** 	/* leer linea 1 */
  82:../keyboard.c **** 	temp = *(keyboard_base+0xfd);
 3306              		.loc 1 82 0
 3307 01dc 6C329FE5 		ldr	r3, .L37
 3308 01e0 003093E5 		ldr	r3, [r3, #0]
 3309 01e4 FD3083E2 		add	r3, r3, #253
 3310 01e8 0030D3E5 		ldrb	r3, [r3, #0]
 3311 01ec 11304BE5 		strb	r3, [fp, #-17]
  83:../keyboard.c **** 	if(( temp & KEY_VALUE_MASK) != KEY_VALUE_MASK)
 3312              		.loc 1 83 0
 3313 01f0 11305BE5 		ldrb	r3, [fp, #-17]	@ zero_extendqisi2
 3314 01f4 0F3003E2 		and	r3, r3, #15
 3315 01f8 0F0053E3 		cmp	r3, #15
 3316 01fc 1C00000A 		beq	.L16
  84:../keyboard.c **** 	{
  85:../keyboard.c **** 		if( (temp&0x1) == 0 )
 3317              		.loc 1 85 0
 3318 0200 11305BE5 		ldrb	r3, [fp, #-17]	@ zero_extendqisi2
 3319 0204 013003E2 		and	r3, r3, #1
 3320 0208 000053E3 		cmp	r3, #0
 3321 020c 0200001A 		bne	.L17
  86:../keyboard.c **** 			value = 3;
 3322              		.loc 1 86 0
 3323 0210 0330A0E3 		mov	r3, #3
 3324 0214 10300BE5 		str	r3, [fp, #-16]
 3325 0218 130000EA 		b	.L18
 3326              	.L17:
  87:../keyboard.c **** 		else if( (temp&0x2) == 0 )
 3327              		.loc 1 87 0
 3328 021c 11305BE5 		ldrb	r3, [fp, #-17]	@ zero_extendqisi2
 3329 0220 023003E2 		and	r3, r3, #2
 3330 0224 000053E3 		cmp	r3, #0
 3331 0228 0200001A 		bne	.L19
  88:../keyboard.c **** 			value = 2;
 3332              		.loc 1 88 0
 3333 022c 0230A0E3 		mov	r3, #2
 3334 0230 10300BE5 		str	r3, [fp, #-16]
 3335 0234 0C0000EA 		b	.L18
 3336              	.L19:
  89:../keyboard.c **** 		else if( (temp&0x4) == 0 )
 3337              		.loc 1 89 0
 3338 0238 11305BE5 		ldrb	r3, [fp, #-17]	@ zero_extendqisi2
 3339 023c 043003E2 		and	r3, r3, #4
 3340 0240 000053E3 		cmp	r3, #0
 3341 0244 0200001A 		bne	.L20
  90:../keyboard.c **** 			value = 1;
 3342              		.loc 1 90 0
 3343 0248 0130A0E3 		mov	r3, #1
 3344 024c 10300BE5 		str	r3, [fp, #-16]
 3345 0250 050000EA 		b	.L18
 3346              	.L20:
  91:../keyboard.c **** 		else if( (temp&0x8) == 0 )
 3347              		.loc 1 91 0
 3348 0254 11305BE5 		ldrb	r3, [fp, #-17]	@ zero_extendqisi2
 3349 0258 083003E2 		and	r3, r3, #8
 3350 025c 000053E3 		cmp	r3, #0
 3351 0260 0100001A 		bne	.L18
  92:../keyboard.c **** 			value = 0;
 3352              		.loc 1 92 0
 3353 0264 0030A0E3 		mov	r3, #0
 3354 0268 10300BE5 		str	r3, [fp, #-16]
 3355              	.L18:
  93:../keyboard.c **** 		return value;
 3356              		.loc 1 93 0
 3357 026c 10301BE5 		ldr	r3, [fp, #-16]
 3358 0270 720000EA 		b	.L21
 3359              	.L16:
  94:../keyboard.c **** 	}
  95:../keyboard.c **** 	/* linea 2 */
  96:../keyboard.c **** 	temp = *(keyboard_base+0xfb);
 3360              		.loc 1 96 0
 3361 0274 D4319FE5 		ldr	r3, .L37
 3362 0278 003093E5 		ldr	r3, [r3, #0]
 3363 027c FB3083E2 		add	r3, r3, #251
 3364 0280 0030D3E5 		ldrb	r3, [r3, #0]
 3365 0284 11304BE5 		strb	r3, [fp, #-17]
  97:../keyboard.c **** 	if(( temp & KEY_VALUE_MASK) != KEY_VALUE_MASK)
 3366              		.loc 1 97 0
 3367 0288 11305BE5 		ldrb	r3, [fp, #-17]	@ zero_extendqisi2
 3368 028c 0F3003E2 		and	r3, r3, #15
 3369 0290 0F0053E3 		cmp	r3, #15
 3370 0294 1C00000A 		beq	.L22
  98:../keyboard.c **** 	{
  99:../keyboard.c **** 		if( (temp&0x1) == 0 )
 3371              		.loc 1 99 0
 3372 0298 11305BE5 		ldrb	r3, [fp, #-17]	@ zero_extendqisi2
 3373 029c 013003E2 		and	r3, r3, #1
 3374 02a0 000053E3 		cmp	r3, #0
 3375 02a4 0200001A 		bne	.L23
 100:../keyboard.c **** 			value = 7;
 3376              		.loc 1 100 0
 3377 02a8 0730A0E3 		mov	r3, #7
 3378 02ac 10300BE5 		str	r3, [fp, #-16]
 3379 02b0 130000EA 		b	.L24
 3380              	.L23:
 101:../keyboard.c **** 		else if( (temp&0x2) == 0 )
 3381              		.loc 1 101 0
 3382 02b4 11305BE5 		ldrb	r3, [fp, #-17]	@ zero_extendqisi2
 3383 02b8 023003E2 		and	r3, r3, #2
 3384 02bc 000053E3 		cmp	r3, #0
 3385 02c0 0200001A 		bne	.L25
 102:../keyboard.c **** 			value = 6;
 3386              		.loc 1 102 0
 3387 02c4 0630A0E3 		mov	r3, #6
 3388 02c8 10300BE5 		str	r3, [fp, #-16]
 3389 02cc 0C0000EA 		b	.L24
 3390              	.L25:
 103:../keyboard.c **** 		else if( (temp&0x4) == 0 )
 3391              		.loc 1 103 0
 3392 02d0 11305BE5 		ldrb	r3, [fp, #-17]	@ zero_extendqisi2
 3393 02d4 043003E2 		and	r3, r3, #4
 3394 02d8 000053E3 		cmp	r3, #0
 3395 02dc 0200001A 		bne	.L26
 104:../keyboard.c **** 			value = 5;
 3396              		.loc 1 104 0
 3397 02e0 0530A0E3 		mov	r3, #5
 3398 02e4 10300BE5 		str	r3, [fp, #-16]
 3399 02e8 050000EA 		b	.L24
 3400              	.L26:
 105:../keyboard.c **** 		else if( (temp&0x8) == 0 )
 3401              		.loc 1 105 0
 3402 02ec 11305BE5 		ldrb	r3, [fp, #-17]	@ zero_extendqisi2
 3403 02f0 083003E2 		and	r3, r3, #8
 3404 02f4 000053E3 		cmp	r3, #0
 3405 02f8 0100001A 		bne	.L24
 106:../keyboard.c **** 			value = 4;
 3406              		.loc 1 106 0
 3407 02fc 0430A0E3 		mov	r3, #4
 3408 0300 10300BE5 		str	r3, [fp, #-16]
 3409              	.L24:
 107:../keyboard.c **** 		return value;
 3410              		.loc 1 107 0
 3411 0304 10301BE5 		ldr	r3, [fp, #-16]
 3412 0308 4C0000EA 		b	.L21
 3413              	.L22:
 108:../keyboard.c **** 	}
 109:../keyboard.c **** 	/* linea 3 */
 110:../keyboard.c **** 	temp = *(keyboard_base+0xf7);
 3414              		.loc 1 110 0
 3415 030c 3C319FE5 		ldr	r3, .L37
 3416 0310 003093E5 		ldr	r3, [r3, #0]
 3417 0314 F73083E2 		add	r3, r3, #247
 3418 0318 0030D3E5 		ldrb	r3, [r3, #0]
 3419 031c 11304BE5 		strb	r3, [fp, #-17]
 111:../keyboard.c **** 	if(( temp & KEY_VALUE_MASK) != KEY_VALUE_MASK)
 3420              		.loc 1 111 0
 3421 0320 11305BE5 		ldrb	r3, [fp, #-17]	@ zero_extendqisi2
 3422 0324 0F3003E2 		and	r3, r3, #15
 3423 0328 0F0053E3 		cmp	r3, #15
 3424 032c 1C00000A 		beq	.L27
 112:../keyboard.c **** 	{
 113:../keyboard.c **** 		if( (temp&0x1) == 0 )
 3425              		.loc 1 113 0
 3426 0330 11305BE5 		ldrb	r3, [fp, #-17]	@ zero_extendqisi2
 3427 0334 013003E2 		and	r3, r3, #1
 3428 0338 000053E3 		cmp	r3, #0
 3429 033c 0200001A 		bne	.L28
 114:../keyboard.c **** 			value = 0xb;
 3430              		.loc 1 114 0
 3431 0340 0B30A0E3 		mov	r3, #11
 3432 0344 10300BE5 		str	r3, [fp, #-16]
 3433 0348 130000EA 		b	.L29
 3434              	.L28:
 115:../keyboard.c **** 		else if( (temp&0x2) == 0 )
 3435              		.loc 1 115 0
 3436 034c 11305BE5 		ldrb	r3, [fp, #-17]	@ zero_extendqisi2
 3437 0350 023003E2 		and	r3, r3, #2
 3438 0354 000053E3 		cmp	r3, #0
 3439 0358 0200001A 		bne	.L30
 116:../keyboard.c **** 			value = 0xa;
 3440              		.loc 1 116 0
 3441 035c 0A30A0E3 		mov	r3, #10
 3442 0360 10300BE5 		str	r3, [fp, #-16]
 3443 0364 0C0000EA 		b	.L29
 3444              	.L30:
 117:../keyboard.c **** 		else if( (temp&0x4) == 0 )
 3445              		.loc 1 117 0
 3446 0368 11305BE5 		ldrb	r3, [fp, #-17]	@ zero_extendqisi2
 3447 036c 043003E2 		and	r3, r3, #4
 3448 0370 000053E3 		cmp	r3, #0
 3449 0374 0200001A 		bne	.L31
 118:../keyboard.c **** 			value = 9;
 3450              		.loc 1 118 0
 3451 0378 0930A0E3 		mov	r3, #9
 3452 037c 10300BE5 		str	r3, [fp, #-16]
 3453 0380 050000EA 		b	.L29
 3454              	.L31:
 119:../keyboard.c **** 		else if( (temp&0x8) == 0 )
 3455              		.loc 1 119 0
 3456 0384 11305BE5 		ldrb	r3, [fp, #-17]	@ zero_extendqisi2
 3457 0388 083003E2 		and	r3, r3, #8
 3458 038c 000053E3 		cmp	r3, #0
 3459 0390 0100001A 		bne	.L29
 120:../keyboard.c **** 			value = 8;
 3460              		.loc 1 120 0
 3461 0394 0830A0E3 		mov	r3, #8
 3462 0398 10300BE5 		str	r3, [fp, #-16]
 3463              	.L29:
 121:../keyboard.c **** 		return value;
 3464              		.loc 1 121 0
 3465 039c 10301BE5 		ldr	r3, [fp, #-16]
 3466 03a0 260000EA 		b	.L21
 3467              	.L27:
 122:../keyboard.c **** 	}
 123:../keyboard.c **** 	/* linea 4 */
 124:../keyboard.c **** 	temp = *(keyboard_base+0xef);
 3468              		.loc 1 124 0
 3469 03a4 A4309FE5 		ldr	r3, .L37
 3470 03a8 003093E5 		ldr	r3, [r3, #0]
 3471 03ac EF3083E2 		add	r3, r3, #239
 3472 03b0 0030D3E5 		ldrb	r3, [r3, #0]
 3473 03b4 11304BE5 		strb	r3, [fp, #-17]
 125:../keyboard.c **** 	if(( temp & KEY_VALUE_MASK) != KEY_VALUE_MASK)
 3474              		.loc 1 125 0
 3475 03b8 11305BE5 		ldrb	r3, [fp, #-17]	@ zero_extendqisi2
 3476 03bc 0F3003E2 		and	r3, r3, #15
 3477 03c0 0F0053E3 		cmp	r3, #15
 3478 03c4 1C00000A 		beq	.L32
 126:../keyboard.c **** 	{
 127:../keyboard.c **** 		if( (temp&0x1) == 0 )
 3479              		.loc 1 127 0
 3480 03c8 11305BE5 		ldrb	r3, [fp, #-17]	@ zero_extendqisi2
 3481 03cc 013003E2 		and	r3, r3, #1
 3482 03d0 000053E3 		cmp	r3, #0
 3483 03d4 0200001A 		bne	.L33
 128:../keyboard.c **** 			value = 0xf;
 3484              		.loc 1 128 0
 3485 03d8 0F30A0E3 		mov	r3, #15
 3486 03dc 10300BE5 		str	r3, [fp, #-16]
 3487 03e0 130000EA 		b	.L34
 3488              	.L33:
 129:../keyboard.c **** 		else if( (temp&0x2) == 0 )
 3489              		.loc 1 129 0
 3490 03e4 11305BE5 		ldrb	r3, [fp, #-17]	@ zero_extendqisi2
 3491 03e8 023003E2 		and	r3, r3, #2
 3492 03ec 000053E3 		cmp	r3, #0
 3493 03f0 0200001A 		bne	.L35
 130:../keyboard.c **** 			value = 0xe;
 3494              		.loc 1 130 0
 3495 03f4 0E30A0E3 		mov	r3, #14
 3496 03f8 10300BE5 		str	r3, [fp, #-16]
 3497 03fc 0C0000EA 		b	.L34
 3498              	.L35:
 131:../keyboard.c **** 		else if( (temp&0x4) == 0 )
 3499              		.loc 1 131 0
 3500 0400 11305BE5 		ldrb	r3, [fp, #-17]	@ zero_extendqisi2
 3501 0404 043003E2 		and	r3, r3, #4
 3502 0408 000053E3 		cmp	r3, #0
 3503 040c 0200001A 		bne	.L36
 132:../keyboard.c **** 			value = 0xd;
 3504              		.loc 1 132 0
 3505 0410 0D30A0E3 		mov	r3, #13
 3506 0414 10300BE5 		str	r3, [fp, #-16]
 3507 0418 050000EA 		b	.L34
 3508              	.L36:
 133:../keyboard.c **** 		else if( (temp&0x8) == 0 )
 3509              		.loc 1 133 0
 3510 041c 11305BE5 		ldrb	r3, [fp, #-17]	@ zero_extendqisi2
 3511 0420 083003E2 		and	r3, r3, #8
 3512 0424 000053E3 		cmp	r3, #0
 3513 0428 0100001A 		bne	.L34
 134:../keyboard.c **** 			value = 0xc;
 3514              		.loc 1 134 0
 3515 042c 0C30A0E3 		mov	r3, #12
 3516 0430 10300BE5 		str	r3, [fp, #-16]
 3517              	.L34:
 135:../keyboard.c **** 		return value;
 3518              		.loc 1 135 0
 3519 0434 10301BE5 		ldr	r3, [fp, #-16]
 3520 0438 000000EA 		b	.L21
 3521              	.L32:
 136:../keyboard.c **** 	}
 137:../keyboard.c **** 	return -1;
 3522              		.loc 1 137 0
 3523 043c 0030E0E3 		mvn	r3, #0
 3524              	.L21:
 138:../keyboard.c **** }
 3525              		.loc 1 138 0
 3526 0440 0300A0E1 		mov	r0, r3
 3527 0444 0CD04BE2 		sub	sp, fp, #12
 3528 0448 00689DE8 		ldmfd	sp, {fp, sp, lr}
 3529 044c 1EFF2FE1 		bx	lr
 3530              	.L38:
 3531              		.align	2
 3532              	.L37:
 3533 0450 00000000 		.word	keyboard_base
 3534              		.cfi_endproc
 3535              	.LFE3:
 3537              	.Letext0:
DEFINED SYMBOLS
                            *ABS*:00000000 keyboard.c
C:\Users\USUARI~1\AppData\Local\Temp\ccTCZAzI.s:3054   .data:00000000 keyboard_base
C:\Users\USUARI~1\AppData\Local\Temp\ccTCZAzI.s:3051   .data:00000000 $d
                            *COM*:00000004 key
C:\Users\USUARI~1\AppData\Local\Temp\ccTCZAzI.s:3061   .data:00000004 modo
C:\Users\USUARI~1\AppData\Local\Temp\ccTCZAzI.s:3064   .text:00000000 $a
C:\Users\USUARI~1\AppData\Local\Temp\ccTCZAzI.s:3067   .text:00000000 EliminaRebotes
C:\Users\USUARI~1\AppData\Local\Temp\ccTCZAzI.s:3116   .text:0000005c $d
C:\Users\USUARI~1\AppData\Local\Temp\ccTCZAzI.s:3120   .text:00000060 $a
C:\Users\USUARI~1\AppData\Local\Temp\ccTCZAzI.s:3123   .text:00000060 init_keyboard
C:\Users\USUARI~1\AppData\Local\Temp\ccTCZAzI.s:3194   .text:00000108 $d
C:\Users\USUARI~1\AppData\Local\Temp\ccTCZAzI.s:3211   .text:00000134 Eint1_ISR
C:\Users\USUARI~1\AppData\Local\Temp\ccTCZAzI.s:3208   .text:00000134 $a
C:\Users\USUARI~1\AppData\Local\Temp\ccTCZAzI.s:3288   .text:000001cc key_read
C:\Users\USUARI~1\AppData\Local\Temp\ccTCZAzI.s:3279   .text:000001c0 $d
C:\Users\USUARI~1\AppData\Local\Temp\ccTCZAzI.s:3285   .text:000001cc $a
C:\Users\USUARI~1\AppData\Local\Temp\ccTCZAzI.s:3533   .text:00000450 $d
                     .debug_frame:00000010 $d

UNDEFINED SYMBOLS
insertarClave
