   1              		.cpu arm7tdmi
   2              		.fpu softvfp
   3              		.eabi_attribute 20, 1
   4              		.eabi_attribute 21, 1
   5              		.eabi_attribute 23, 3
   6              		.eabi_attribute 24, 1
   7              		.eabi_attribute 25, 1
   8              		.eabi_attribute 26, 1
   9              		.eabi_attribute 30, 6
  10              		.eabi_attribute 18, 4
  11              		.file	"led.c"
  21              	.Ltext0:
  22              		.file 1 "../led.c"
 1875              		.align	2
 1876              		.global	init_leds
 1878              	init_leds:
 1879              	.LFB0:
   1:../led.c      **** /*********************************************************************************************
   2:../led.c      **** * Fichero:		led.c
   3:../led.c      **** * Autor:		
   4:../led.c      **** * Descrip:		funciones de control de los LED de la placa
   5:../led.c      **** * Version:	
   6:../led.c      **** *********************************************************************************************/
   7:../led.c      **** 
   8:../led.c      **** /*--- ficheros de cabecera ---*/
   9:../led.c      **** #include "44b.h"
  10:../led.c      **** #include "44blib.h"
  11:../led.c      **** 
  12:../led.c      **** /*--- variables globales ---*/
  13:../led.c      **** // estado del LED: 0 -> ambos apagados. 1 -> Led1 encendido
  14:../led.c      **** // 2 -> led2 encendido. 3 -> ambos encendidos
  15:../led.c      **** int led_state;
  16:../led.c      **** 
  17:../led.c      **** /*--- declaracion de funciones ---*/
  18:../led.c      **** void leds_on();							// todos los leds encendidos 
  19:../led.c      **** void leds_off();						// todos los leds apagados 
  20:../led.c      **** void led1_on();							// led 1 encendido 	
  21:../led.c      **** void led1_off();						// led 1 apagado 	
  22:../led.c      **** void led2_on();							// led 2 encendido 	
  23:../led.c      **** void led2_off();						// led 2 apagado 	
  24:../led.c      **** void leds_switch();						// invierte el valor de los leds 
  25:../led.c      **** void Led_Display(int LedStatus);		// control directo del LED 	
  26:../led.c      **** 
  27:../led.c      **** 
  28:../led.c      **** // Inicializamos los leds encendiendo ambos
  29:../led.c      **** void init_leds() {
 1880              		.loc 1 29 0
 1881              		.cfi_startproc
 1882              		@ Function supports interworking.
 1883              		@ args = 0, pretend = 0, frame = 0
 1884              		@ frame_needed = 1, uses_anonymous_args = 0
 1885 0000 0DC0A0E1 		mov	ip, sp
 1886              	.LCFI0:
 1887              		.cfi_def_cfa_register 12
 1888 0004 00D82DE9 		stmfd	sp!, {fp, ip, lr, pc}
 1889 0008 04B04CE2 		sub	fp, ip, #4
 1890              		.cfi_offset 14, -8
 1891              		.cfi_offset 13, -12
 1892              		.cfi_offset 11, -16
 1893              	.LCFI1:
 1894              		.cfi_def_cfa 11, 4
  30:../led.c      **** 	rPCONB = 0x1cf;
 1895              		.loc 1 30 0
 1896 000c 28309FE5 		ldr	r3, .L2
 1897 0010 28209FE5 		ldr	r2, .L2+4
 1898 0014 002083E5 		str	r2, [r3, #0]
  31:../led.c      **** 	rPDATB = 0x000;
 1899              		.loc 1 31 0
 1900 0018 24309FE5 		ldr	r3, .L2+8
 1901 001c 0020A0E3 		mov	r2, #0
 1902 0020 002083E5 		str	r2, [r3, #0]
  32:../led.c      **** 	led_state = 0x3;
 1903              		.loc 1 32 0
 1904 0024 1C309FE5 		ldr	r3, .L2+12
 1905 0028 0320A0E3 		mov	r2, #3
 1906 002c 002083E5 		str	r2, [r3, #0]
  33:../led.c      **** }
 1907              		.loc 1 33 0
 1908 0030 0CD04BE2 		sub	sp, fp, #12
 1909 0034 00689DE8 		ldmfd	sp, {fp, sp, lr}
 1910 0038 1EFF2FE1 		bx	lr
 1911              	.L3:
 1912              		.align	2
 1913              	.L2:
 1914 003c 0800D201 		.word	30539784
 1915 0040 CF010000 		.word	463
 1916 0044 0C00D201 		.word	30539788
 1917 0048 00000000 		.word	led_state
 1918              		.cfi_endproc
 1919              	.LFE0:
 1921              		.align	2
 1922              		.global	leds_on
 1924              	leds_on:
 1925              	.LFB1:
  34:../led.c      **** /*--- codigo de las funciones ---*/
  35:../led.c      **** void leds_on()
  36:../led.c      **** {
 1926              		.loc 1 36 0
 1927              		.cfi_startproc
 1928              		@ Function supports interworking.
 1929              		@ args = 0, pretend = 0, frame = 0
 1930              		@ frame_needed = 1, uses_anonymous_args = 0
 1931 004c 0DC0A0E1 		mov	ip, sp
 1932              	.LCFI2:
 1933              		.cfi_def_cfa_register 12
 1934 0050 00D82DE9 		stmfd	sp!, {fp, ip, lr, pc}
 1935 0054 04B04CE2 		sub	fp, ip, #4
 1936              		.cfi_offset 14, -8
 1937              		.cfi_offset 13, -12
 1938              		.cfi_offset 11, -16
 1939              	.LCFI3:
 1940              		.cfi_def_cfa 11, 4
  37:../led.c      **** 	Led_Display(0x3);
 1941              		.loc 1 37 0
 1942 0058 0300A0E3 		mov	r0, #3
 1943 005c FEFFFFEB 		bl	Led_Display
  38:../led.c      **** }
 1944              		.loc 1 38 0
 1945 0060 0CD04BE2 		sub	sp, fp, #12
 1946 0064 00689DE8 		ldmfd	sp, {fp, sp, lr}
 1947 0068 1EFF2FE1 		bx	lr
 1948              		.cfi_endproc
 1949              	.LFE1:
 1951              		.align	2
 1952              		.global	leds_off
 1954              	leds_off:
 1955              	.LFB2:
  39:../led.c      **** 
  40:../led.c      **** void leds_off()
  41:../led.c      **** {
 1956              		.loc 1 41 0
 1957              		.cfi_startproc
 1958              		@ Function supports interworking.
 1959              		@ args = 0, pretend = 0, frame = 0
 1960              		@ frame_needed = 1, uses_anonymous_args = 0
 1961 006c 0DC0A0E1 		mov	ip, sp
 1962              	.LCFI4:
 1963              		.cfi_def_cfa_register 12
 1964 0070 00D82DE9 		stmfd	sp!, {fp, ip, lr, pc}
 1965 0074 04B04CE2 		sub	fp, ip, #4
 1966              		.cfi_offset 14, -8
 1967              		.cfi_offset 13, -12
 1968              		.cfi_offset 11, -16
 1969              	.LCFI5:
 1970              		.cfi_def_cfa 11, 4
  42:../led.c      **** 	Led_Display(0x0);
 1971              		.loc 1 42 0
 1972 0078 0000A0E3 		mov	r0, #0
 1973 007c FEFFFFEB 		bl	Led_Display
  43:../led.c      **** }
 1974              		.loc 1 43 0
 1975 0080 0CD04BE2 		sub	sp, fp, #12
 1976 0084 00689DE8 		ldmfd	sp, {fp, sp, lr}
 1977 0088 1EFF2FE1 		bx	lr
 1978              		.cfi_endproc
 1979              	.LFE2:
 1981              		.align	2
 1982              		.global	led1_on
 1984              	led1_on:
 1985              	.LFB3:
  44:../led.c      **** 
  45:../led.c      **** void led1_on()
  46:../led.c      **** {
 1986              		.loc 1 46 0
 1987              		.cfi_startproc
 1988              		@ Function supports interworking.
 1989              		@ args = 0, pretend = 0, frame = 0
 1990              		@ frame_needed = 1, uses_anonymous_args = 0
 1991 008c 0DC0A0E1 		mov	ip, sp
 1992              	.LCFI6:
 1993              		.cfi_def_cfa_register 12
 1994 0090 00D82DE9 		stmfd	sp!, {fp, ip, lr, pc}
 1995 0094 04B04CE2 		sub	fp, ip, #4
 1996              		.cfi_offset 14, -8
 1997              		.cfi_offset 13, -12
 1998              		.cfi_offset 11, -16
 1999              	.LCFI7:
 2000              		.cfi_def_cfa 11, 4
  47:../led.c      **** 	led_state = led_state | 0x1;
 2001              		.loc 1 47 0
 2002 0098 28309FE5 		ldr	r3, .L7
 2003 009c 003093E5 		ldr	r3, [r3, #0]
 2004 00a0 012083E3 		orr	r2, r3, #1
 2005 00a4 1C309FE5 		ldr	r3, .L7
 2006 00a8 002083E5 		str	r2, [r3, #0]
  48:../led.c      **** 	Led_Display(led_state);
 2007              		.loc 1 48 0
 2008 00ac 14309FE5 		ldr	r3, .L7
 2009 00b0 003093E5 		ldr	r3, [r3, #0]
 2010 00b4 0300A0E1 		mov	r0, r3
 2011 00b8 FEFFFFEB 		bl	Led_Display
  49:../led.c      **** }
 2012              		.loc 1 49 0
 2013 00bc 0CD04BE2 		sub	sp, fp, #12
 2014 00c0 00689DE8 		ldmfd	sp, {fp, sp, lr}
 2015 00c4 1EFF2FE1 		bx	lr
 2016              	.L8:
 2017              		.align	2
 2018              	.L7:
 2019 00c8 00000000 		.word	led_state
 2020              		.cfi_endproc
 2021              	.LFE3:
 2023              		.align	2
 2024              		.global	led1_off
 2026              	led1_off:
 2027              	.LFB4:
  50:../led.c      **** 
  51:../led.c      **** void led1_off()
  52:../led.c      **** {
 2028              		.loc 1 52 0
 2029              		.cfi_startproc
 2030              		@ Function supports interworking.
 2031              		@ args = 0, pretend = 0, frame = 0
 2032              		@ frame_needed = 1, uses_anonymous_args = 0
 2033 00cc 0DC0A0E1 		mov	ip, sp
 2034              	.LCFI8:
 2035              		.cfi_def_cfa_register 12
 2036 00d0 00D82DE9 		stmfd	sp!, {fp, ip, lr, pc}
 2037 00d4 04B04CE2 		sub	fp, ip, #4
 2038              		.cfi_offset 14, -8
 2039              		.cfi_offset 13, -12
 2040              		.cfi_offset 11, -16
 2041              	.LCFI9:
 2042              		.cfi_def_cfa 11, 4
  53:../led.c      **** 	led_state = led_state & 0xfe;
 2043              		.loc 1 53 0
 2044 00d8 28309FE5 		ldr	r3, .L10
 2045 00dc 003093E5 		ldr	r3, [r3, #0]
 2046 00e0 FE2003E2 		and	r2, r3, #254
 2047 00e4 1C309FE5 		ldr	r3, .L10
 2048 00e8 002083E5 		str	r2, [r3, #0]
  54:../led.c      **** 	Led_Display(led_state);
 2049              		.loc 1 54 0
 2050 00ec 14309FE5 		ldr	r3, .L10
 2051 00f0 003093E5 		ldr	r3, [r3, #0]
 2052 00f4 0300A0E1 		mov	r0, r3
 2053 00f8 FEFFFFEB 		bl	Led_Display
  55:../led.c      **** }
 2054              		.loc 1 55 0
 2055 00fc 0CD04BE2 		sub	sp, fp, #12
 2056 0100 00689DE8 		ldmfd	sp, {fp, sp, lr}
 2057 0104 1EFF2FE1 		bx	lr
 2058              	.L11:
 2059              		.align	2
 2060              	.L10:
 2061 0108 00000000 		.word	led_state
 2062              		.cfi_endproc
 2063              	.LFE4:
 2065              		.align	2
 2066              		.global	led2_on
 2068              	led2_on:
 2069              	.LFB5:
  56:../led.c      **** 
  57:../led.c      **** void led2_on()
  58:../led.c      **** {
 2070              		.loc 1 58 0
 2071              		.cfi_startproc
 2072              		@ Function supports interworking.
 2073              		@ args = 0, pretend = 0, frame = 0
 2074              		@ frame_needed = 1, uses_anonymous_args = 0
 2075 010c 0DC0A0E1 		mov	ip, sp
 2076              	.LCFI10:
 2077              		.cfi_def_cfa_register 12
 2078 0110 00D82DE9 		stmfd	sp!, {fp, ip, lr, pc}
 2079 0114 04B04CE2 		sub	fp, ip, #4
 2080              		.cfi_offset 14, -8
 2081              		.cfi_offset 13, -12
 2082              		.cfi_offset 11, -16
 2083              	.LCFI11:
 2084              		.cfi_def_cfa 11, 4
  59:../led.c      **** 	led_state = led_state | 0x2;
 2085              		.loc 1 59 0
 2086 0118 28309FE5 		ldr	r3, .L13
 2087 011c 003093E5 		ldr	r3, [r3, #0]
 2088 0120 022083E3 		orr	r2, r3, #2
 2089 0124 1C309FE5 		ldr	r3, .L13
 2090 0128 002083E5 		str	r2, [r3, #0]
  60:../led.c      **** 	Led_Display(led_state);
 2091              		.loc 1 60 0
 2092 012c 14309FE5 		ldr	r3, .L13
 2093 0130 003093E5 		ldr	r3, [r3, #0]
 2094 0134 0300A0E1 		mov	r0, r3
 2095 0138 FEFFFFEB 		bl	Led_Display
  61:../led.c      **** }
 2096              		.loc 1 61 0
 2097 013c 0CD04BE2 		sub	sp, fp, #12
 2098 0140 00689DE8 		ldmfd	sp, {fp, sp, lr}
 2099 0144 1EFF2FE1 		bx	lr
 2100              	.L14:
 2101              		.align	2
 2102              	.L13:
 2103 0148 00000000 		.word	led_state
 2104              		.cfi_endproc
 2105              	.LFE5:
 2107              		.align	2
 2108              		.global	led2_off
 2110              	led2_off:
 2111              	.LFB6:
  62:../led.c      **** 
  63:../led.c      **** void led2_off()
  64:../led.c      **** {
 2112              		.loc 1 64 0
 2113              		.cfi_startproc
 2114              		@ Function supports interworking.
 2115              		@ args = 0, pretend = 0, frame = 0
 2116              		@ frame_needed = 1, uses_anonymous_args = 0
 2117 014c 0DC0A0E1 		mov	ip, sp
 2118              	.LCFI12:
 2119              		.cfi_def_cfa_register 12
 2120 0150 00D82DE9 		stmfd	sp!, {fp, ip, lr, pc}
 2121 0154 04B04CE2 		sub	fp, ip, #4
 2122              		.cfi_offset 14, -8
 2123              		.cfi_offset 13, -12
 2124              		.cfi_offset 11, -16
 2125              	.LCFI13:
 2126              		.cfi_def_cfa 11, 4
  65:../led.c      **** 	led_state = led_state & 0xfd;
 2127              		.loc 1 65 0
 2128 0158 28309FE5 		ldr	r3, .L16
 2129 015c 003093E5 		ldr	r3, [r3, #0]
 2130 0160 FD2003E2 		and	r2, r3, #253
 2131 0164 1C309FE5 		ldr	r3, .L16
 2132 0168 002083E5 		str	r2, [r3, #0]
  66:../led.c      **** 	Led_Display(led_state);
 2133              		.loc 1 66 0
 2134 016c 14309FE5 		ldr	r3, .L16
 2135 0170 003093E5 		ldr	r3, [r3, #0]
 2136 0174 0300A0E1 		mov	r0, r3
 2137 0178 FEFFFFEB 		bl	Led_Display
  67:../led.c      **** }
 2138              		.loc 1 67 0
 2139 017c 0CD04BE2 		sub	sp, fp, #12
 2140 0180 00689DE8 		ldmfd	sp, {fp, sp, lr}
 2141 0184 1EFF2FE1 		bx	lr
 2142              	.L17:
 2143              		.align	2
 2144              	.L16:
 2145 0188 00000000 		.word	led_state
 2146              		.cfi_endproc
 2147              	.LFE6:
 2149              		.align	2
 2150              		.global	switchLed1
 2152              	switchLed1:
 2153              	.LFB7:
  68:../led.c      **** void switchLed1() {
 2154              		.loc 1 68 0
 2155              		.cfi_startproc
 2156              		@ Function supports interworking.
 2157              		@ args = 0, pretend = 0, frame = 0
 2158              		@ frame_needed = 1, uses_anonymous_args = 0
 2159 018c 0DC0A0E1 		mov	ip, sp
 2160              	.LCFI14:
 2161              		.cfi_def_cfa_register 12
 2162 0190 00D82DE9 		stmfd	sp!, {fp, ip, lr, pc}
 2163 0194 04B04CE2 		sub	fp, ip, #4
 2164              		.cfi_offset 14, -8
 2165              		.cfi_offset 13, -12
 2166              		.cfi_offset 11, -16
 2167              	.LCFI15:
 2168              		.cfi_def_cfa 11, 4
  69:../led.c      **** /*TAREA 4a*/
  70:../led.c      **** /*El alumno/a debe completar esta funcion para que cambie el estado del led 1, 
  71:../led.c      **** si estaba encendido debera apagarlo
  72:../led.c      **** y si esta apagado encenderlo */
  73:../led.c      **** if ((led_state == 1) || (led_state == 3))
 2169              		.loc 1 73 0
 2170 0198 30309FE5 		ldr	r3, .L22
 2171 019c 003093E5 		ldr	r3, [r3, #0]
 2172 01a0 010053E3 		cmp	r3, #1
 2173 01a4 0300000A 		beq	.L19
 2174              		.loc 1 73 0 is_stmt 0 discriminator 1
 2175 01a8 20309FE5 		ldr	r3, .L22
 2176 01ac 003093E5 		ldr	r3, [r3, #0]
 2177 01b0 030053E3 		cmp	r3, #3
 2178 01b4 0100001A 		bne	.L20
 2179              	.L19:
  74:../led.c      **** 	led1_off();
 2180              		.loc 1 74 0 is_stmt 1
 2181 01b8 FEFFFFEB 		bl	led1_off
 2182 01bc 000000EA 		b	.L18
 2183              	.L20:
  75:../led.c      **** else
  76:../led.c      **** 	led1_on();
 2184              		.loc 1 76 0
 2185 01c0 FEFFFFEB 		bl	led1_on
 2186              	.L18:
  77:../led.c      **** /*fin TAREA 4a*/
  78:../led.c      **** }
 2187              		.loc 1 78 0
 2188 01c4 0CD04BE2 		sub	sp, fp, #12
 2189 01c8 00689DE8 		ldmfd	sp, {fp, sp, lr}
 2190 01cc 1EFF2FE1 		bx	lr
 2191              	.L23:
 2192              		.align	2
 2193              	.L22:
 2194 01d0 00000000 		.word	led_state
 2195              		.cfi_endproc
 2196              	.LFE7:
 2198              		.align	2
 2199              		.global	switchLed2
 2201              	switchLed2:
 2202              	.LFB8:
  79:../led.c      **** 
  80:../led.c      **** void switchLed2() {
 2203              		.loc 1 80 0
 2204              		.cfi_startproc
 2205              		@ Function supports interworking.
 2206              		@ args = 0, pretend = 0, frame = 0
 2207              		@ frame_needed = 1, uses_anonymous_args = 0
 2208 01d4 0DC0A0E1 		mov	ip, sp
 2209              	.LCFI16:
 2210              		.cfi_def_cfa_register 12
 2211 01d8 00D82DE9 		stmfd	sp!, {fp, ip, lr, pc}
 2212 01dc 04B04CE2 		sub	fp, ip, #4
 2213              		.cfi_offset 14, -8
 2214              		.cfi_offset 13, -12
 2215              		.cfi_offset 11, -16
 2216              	.LCFI17:
 2217              		.cfi_def_cfa 11, 4
  81:../led.c      **** /*TAREA 4b*/
  82:../led.c      **** /*El alumno/a debe completar esta funcion para que cambie el estado del led 2, 
  83:../led.c      **** si estaba encendido debera apagarlo
  84:../led.c      **** y si esta apagado encenderlo */
  85:../led.c      **** 	if ((led_state == 2) || (led_state == 3))
 2218              		.loc 1 85 0
 2219 01e0 30309FE5 		ldr	r3, .L28
 2220 01e4 003093E5 		ldr	r3, [r3, #0]
 2221 01e8 020053E3 		cmp	r3, #2
 2222 01ec 0300000A 		beq	.L25
 2223              		.loc 1 85 0 is_stmt 0 discriminator 1
 2224 01f0 20309FE5 		ldr	r3, .L28
 2225 01f4 003093E5 		ldr	r3, [r3, #0]
 2226 01f8 030053E3 		cmp	r3, #3
 2227 01fc 0100001A 		bne	.L26
 2228              	.L25:
  86:../led.c      **** 		led2_off();
 2229              		.loc 1 86 0 is_stmt 1
 2230 0200 FEFFFFEB 		bl	led2_off
 2231 0204 000000EA 		b	.L24
 2232              	.L26:
  87:../led.c      **** 	else
  88:../led.c      **** 		led2_on();
 2233              		.loc 1 88 0
 2234 0208 FEFFFFEB 		bl	led2_on
 2235              	.L24:
  89:../led.c      **** /*fin TAREA 4b*/
  90:../led.c      **** }
 2236              		.loc 1 90 0
 2237 020c 0CD04BE2 		sub	sp, fp, #12
 2238 0210 00689DE8 		ldmfd	sp, {fp, sp, lr}
 2239 0214 1EFF2FE1 		bx	lr
 2240              	.L29:
 2241              		.align	2
 2242              	.L28:
 2243 0218 00000000 		.word	led_state
 2244              		.cfi_endproc
 2245              	.LFE8:
 2247              		.align	2
 2248              		.global	leds_switch
 2250              	leds_switch:
 2251              	.LFB9:
  91:../led.c      **** 
  92:../led.c      **** void leds_switch ()
  93:../led.c      **** {
 2252              		.loc 1 93 0
 2253              		.cfi_startproc
 2254              		@ Function supports interworking.
 2255              		@ args = 0, pretend = 0, frame = 0
 2256              		@ frame_needed = 1, uses_anonymous_args = 0
 2257 021c 0DC0A0E1 		mov	ip, sp
 2258              	.LCFI18:
 2259              		.cfi_def_cfa_register 12
 2260 0220 00D82DE9 		stmfd	sp!, {fp, ip, lr, pc}
 2261 0224 04B04CE2 		sub	fp, ip, #4
 2262              		.cfi_offset 14, -8
 2263              		.cfi_offset 13, -12
 2264              		.cfi_offset 11, -16
 2265              	.LCFI19:
 2266              		.cfi_def_cfa 11, 4
  94:../led.c      ****     led_state ^= 0x03;
 2267              		.loc 1 94 0
 2268 0228 28309FE5 		ldr	r3, .L31
 2269 022c 003093E5 		ldr	r3, [r3, #0]
 2270 0230 032023E2 		eor	r2, r3, #3
 2271 0234 1C309FE5 		ldr	r3, .L31
 2272 0238 002083E5 		str	r2, [r3, #0]
  95:../led.c      ****     Led_Display(led_state);
 2273              		.loc 1 95 0
 2274 023c 14309FE5 		ldr	r3, .L31
 2275 0240 003093E5 		ldr	r3, [r3, #0]
 2276 0244 0300A0E1 		mov	r0, r3
 2277 0248 FEFFFFEB 		bl	Led_Display
  96:../led.c      ****     
  97:../led.c      **** }
 2278              		.loc 1 97 0
 2279 024c 0CD04BE2 		sub	sp, fp, #12
 2280 0250 00689DE8 		ldmfd	sp, {fp, sp, lr}
 2281 0254 1EFF2FE1 		bx	lr
 2282              	.L32:
 2283              		.align	2
 2284              	.L31:
 2285 0258 00000000 		.word	led_state
 2286              		.cfi_endproc
 2287              	.LFE9:
 2289              		.align	2
 2290              		.global	Led_Display
 2292              	Led_Display:
 2293              	.LFB10:
  98:../led.c      **** 
  99:../led.c      **** void Led_Display(int LedStatus)
 100:../led.c      **** {	
 2294              		.loc 1 100 0
 2295              		.cfi_startproc
 2296              		@ Function supports interworking.
 2297              		@ args = 0, pretend = 0, frame = 8
 2298              		@ frame_needed = 1, uses_anonymous_args = 0
 2299 025c 0DC0A0E1 		mov	ip, sp
 2300              	.LCFI20:
 2301              		.cfi_def_cfa_register 12
 2302 0260 00D82DE9 		stmfd	sp!, {fp, ip, lr, pc}
 2303 0264 04B04CE2 		sub	fp, ip, #4
 2304              		.cfi_offset 14, -8
 2305              		.cfi_offset 13, -12
 2306              		.cfi_offset 11, -16
 2307              	.LCFI21:
 2308              		.cfi_def_cfa 11, 4
 2309 0268 08D04DE2 		sub	sp, sp, #8
 2310 026c 10000BE5 		str	r0, [fp, #-16]
 101:../led.c      **** 	led_state = LedStatus;
 2311              		.loc 1 101 0
 2312 0270 94309FE5 		ldr	r3, .L38
 2313 0274 10201BE5 		ldr	r2, [fp, #-16]
 2314 0278 002083E5 		str	r2, [r3, #0]
 102:../led.c      **** 	
 103:../led.c      **** 	if((LedStatus&0x01)==0x01)
 2315              		.loc 1 103 0
 2316 027c 10301BE5 		ldr	r3, [fp, #-16]
 2317 0280 013003E2 		and	r3, r3, #1
 2318 0284 FF3003E2 		and	r3, r3, #255
 2319 0288 000053E3 		cmp	r3, #0
 2320 028c 0600000A 		beq	.L34
 104:../led.c      **** 		rPDATB=rPDATB&0x5ff; /* poner a 0 el bit 9 del puerto B */
 2321              		.loc 1 104 0
 2322 0290 78209FE5 		ldr	r2, .L38+4
 2323 0294 74309FE5 		ldr	r3, .L38+4
 2324 0298 001093E5 		ldr	r1, [r3, #0]
 2325 029c 70309FE5 		ldr	r3, .L38+8
 2326 02a0 033001E0 		and	r3, r1, r3
 2327 02a4 003082E5 		str	r3, [r2, #0]
 2328 02a8 040000EA 		b	.L35
 2329              	.L34:
 105:../led.c      **** 	else
 106:../led.c      **** 		rPDATB=rPDATB|0x200; /* poner a 1 el bit 9 del puerto B */
 2330              		.loc 1 106 0
 2331 02ac 5C309FE5 		ldr	r3, .L38+4
 2332 02b0 58209FE5 		ldr	r2, .L38+4
 2333 02b4 002092E5 		ldr	r2, [r2, #0]
 2334 02b8 022C82E3 		orr	r2, r2, #512
 2335 02bc 002083E5 		str	r2, [r3, #0]
 2336              	.L35:
 107:../led.c      **** 	
 108:../led.c      **** 	if((LedStatus&0x02)==0x02)
 2337              		.loc 1 108 0
 2338 02c0 10301BE5 		ldr	r3, [fp, #-16]
 2339 02c4 023003E2 		and	r3, r3, #2
 2340 02c8 000053E3 		cmp	r3, #0
 2341 02cc 0600000A 		beq	.L36
 109:../led.c      **** 		rPDATB=rPDATB&0x3ff; /* poner a 0 el bit 10 del puerto B */
 2342              		.loc 1 109 0
 2343 02d0 38209FE5 		ldr	r2, .L38+4
 2344 02d4 34309FE5 		ldr	r3, .L38+4
 2345 02d8 003093E5 		ldr	r3, [r3, #0]
 2346 02dc 033BA0E1 		mov	r3, r3, asl #22
 2347 02e0 233BA0E1 		mov	r3, r3, lsr #22
 2348 02e4 003082E5 		str	r3, [r2, #0]
 2349 02e8 040000EA 		b	.L33
 2350              	.L36:
 110:../led.c      **** 	else
 111:../led.c      **** 		rPDATB=rPDATB|0x400; /* poner a 1 el bit 10 del puerto B */
 2351              		.loc 1 111 0
 2352 02ec 1C309FE5 		ldr	r3, .L38+4
 2353 02f0 18209FE5 		ldr	r2, .L38+4
 2354 02f4 002092E5 		ldr	r2, [r2, #0]
 2355 02f8 012B82E3 		orr	r2, r2, #1024
 2356 02fc 002083E5 		str	r2, [r3, #0]
 2357              	.L33:
 112:../led.c      **** }
 2358              		.loc 1 112 0
 2359 0300 0CD04BE2 		sub	sp, fp, #12
 2360 0304 00689DE8 		ldmfd	sp, {fp, sp, lr}
 2361 0308 1EFF2FE1 		bx	lr
 2362              	.L39:
 2363              		.align	2
 2364              	.L38:
 2365 030c 00000000 		.word	led_state
 2366 0310 0C00D201 		.word	30539788
 2367 0314 FF050000 		.word	1535
 2368              		.cfi_endproc
 2369              	.LFE10:
 2371              	.Letext0:
DEFINED SYMBOLS
                            *ABS*:00000000 led.c
                            *COM*:00000004 led_state
C:\Users\USUARI~1\AppData\Local\Temp\ccyrOORc.s:1875   .text:00000000 $a
C:\Users\USUARI~1\AppData\Local\Temp\ccyrOORc.s:1878   .text:00000000 init_leds
C:\Users\USUARI~1\AppData\Local\Temp\ccyrOORc.s:1914   .text:0000003c $d
C:\Users\USUARI~1\AppData\Local\Temp\ccyrOORc.s:1921   .text:0000004c $a
C:\Users\USUARI~1\AppData\Local\Temp\ccyrOORc.s:1924   .text:0000004c leds_on
C:\Users\USUARI~1\AppData\Local\Temp\ccyrOORc.s:2292   .text:0000025c Led_Display
C:\Users\USUARI~1\AppData\Local\Temp\ccyrOORc.s:1954   .text:0000006c leds_off
C:\Users\USUARI~1\AppData\Local\Temp\ccyrOORc.s:1984   .text:0000008c led1_on
C:\Users\USUARI~1\AppData\Local\Temp\ccyrOORc.s:2019   .text:000000c8 $d
C:\Users\USUARI~1\AppData\Local\Temp\ccyrOORc.s:2023   .text:000000cc $a
C:\Users\USUARI~1\AppData\Local\Temp\ccyrOORc.s:2026   .text:000000cc led1_off
C:\Users\USUARI~1\AppData\Local\Temp\ccyrOORc.s:2061   .text:00000108 $d
C:\Users\USUARI~1\AppData\Local\Temp\ccyrOORc.s:2065   .text:0000010c $a
C:\Users\USUARI~1\AppData\Local\Temp\ccyrOORc.s:2068   .text:0000010c led2_on
C:\Users\USUARI~1\AppData\Local\Temp\ccyrOORc.s:2103   .text:00000148 $d
C:\Users\USUARI~1\AppData\Local\Temp\ccyrOORc.s:2107   .text:0000014c $a
C:\Users\USUARI~1\AppData\Local\Temp\ccyrOORc.s:2110   .text:0000014c led2_off
C:\Users\USUARI~1\AppData\Local\Temp\ccyrOORc.s:2145   .text:00000188 $d
C:\Users\USUARI~1\AppData\Local\Temp\ccyrOORc.s:2149   .text:0000018c $a
C:\Users\USUARI~1\AppData\Local\Temp\ccyrOORc.s:2152   .text:0000018c switchLed1
C:\Users\USUARI~1\AppData\Local\Temp\ccyrOORc.s:2194   .text:000001d0 $d
C:\Users\USUARI~1\AppData\Local\Temp\ccyrOORc.s:2198   .text:000001d4 $a
C:\Users\USUARI~1\AppData\Local\Temp\ccyrOORc.s:2201   .text:000001d4 switchLed2
C:\Users\USUARI~1\AppData\Local\Temp\ccyrOORc.s:2243   .text:00000218 $d
C:\Users\USUARI~1\AppData\Local\Temp\ccyrOORc.s:2247   .text:0000021c $a
C:\Users\USUARI~1\AppData\Local\Temp\ccyrOORc.s:2250   .text:0000021c leds_switch
C:\Users\USUARI~1\AppData\Local\Temp\ccyrOORc.s:2285   .text:00000258 $d
C:\Users\USUARI~1\AppData\Local\Temp\ccyrOORc.s:2289   .text:0000025c $a
C:\Users\USUARI~1\AppData\Local\Temp\ccyrOORc.s:2365   .text:0000030c $d
                     .debug_frame:00000010 $d

NO UNDEFINED SYMBOLS
