   1              		.cpu arm7tdmi
   2              		.fpu softvfp
   3              		.eabi_attribute 20, 1
   4              		.eabi_attribute 21, 1
   5              		.eabi_attribute 23, 3
   6              		.eabi_attribute 24, 1
   7              		.eabi_attribute 25, 1
   8              		.eabi_attribute 26, 1
   9              		.eabi_attribute 30, 6
  10              		.eabi_attribute 18, 4
  11              		.file	"main.c"
  21              	.Ltext0:
  22              		.file 1 "../main.c"
 1991              		.align	2
 1992              		.global	initRGB
 1994              	initRGB:
 1995              	.LFB0:
   1:../main.c     **** #include <stdio.h>
   2:../main.c     **** #include "trafo.h"
   3:../main.c     **** #include "types.h"
   4:../main.c     **** 
   5:../main.c     **** #define N 8
   6:../main.c     **** #define M 4
   7:../main.c     **** 
   8:../main.c     **** 
   9:../main.c     **** #define FACTOR ( (unsigned char) ( 255/(N+M-2) ) )
  10:../main.c     **** 
  11:../main.c     **** extern void contarUnos(unsigned char mat[], short int vector[],int nfilas, int ncols);
  12:../main.c     **** 
  13:../main.c     **** 
  14:../main.c     **** pixelRGB imagenRGB[N*M];
  15:../main.c     **** unsigned char imagenGris[N*M];
  16:../main.c     **** unsigned char imagenBinaria[N*M];
  17:../main.c     **** short int unosPorFila[N];
  18:../main.c     **** 
  19:../main.c     **** void initRGB(pixelRGB m[], int nfilas, int ncols) {
 1996              		.loc 1 19 0
 1997              		.cfi_startproc
 1998              		@ Function supports interworking.
 1999              		@ args = 0, pretend = 0, frame = 24
 2000              		@ frame_needed = 1, uses_anonymous_args = 0
 2001 0000 0DC0A0E1 		mov	ip, sp
 2002              	.LCFI0:
 2003              		.cfi_def_cfa_register 12
 2004 0004 00D82DE9 		stmfd	sp!, {fp, ip, lr, pc}
 2005 0008 04B04CE2 		sub	fp, ip, #4
 2006              		.cfi_offset 14, -8
 2007              		.cfi_offset 13, -12
 2008              		.cfi_offset 11, -16
 2009              	.LCFI1:
 2010              		.cfi_def_cfa 11, 4
 2011 000c 18D04DE2 		sub	sp, sp, #24
 2012 0010 18000BE5 		str	r0, [fp, #-24]
 2013 0014 1C100BE5 		str	r1, [fp, #-28]
 2014 0018 20200BE5 		str	r2, [fp, #-32]
  20:../main.c     **** 
  21:../main.c     ****     int i,j;
  22:../main.c     ****     
  23:../main.c     ****     for (i=0;i<nfilas;i++)
 2015              		.loc 1 23 0
 2016 001c 0030A0E3 		mov	r3, #0
 2017 0020 10300BE5 		str	r3, [fp, #-16]
 2018 0024 570000EA 		b	.L2
 2019              	.L5:
  24:../main.c     ****         for (j=0; j<ncols; j++) {
 2020              		.loc 1 24 0
 2021 0028 0030A0E3 		mov	r3, #0
 2022 002c 14300BE5 		str	r3, [fp, #-20]
 2023 0030 4D0000EA 		b	.L3
 2024              	.L4:
  25:../main.c     ****             m[i*ncols+j].R = (i+j)*FACTOR;
 2025              		.loc 1 25 0 discriminator 2
 2026 0034 10301BE5 		ldr	r3, [fp, #-16]
 2027 0038 20201BE5 		ldr	r2, [fp, #-32]
 2028 003c 930202E0 		mul	r2, r3, r2
 2029 0040 14301BE5 		ldr	r3, [fp, #-20]
 2030 0044 033082E0 		add	r3, r2, r3
 2031 0048 0320A0E1 		mov	r2, r3
 2032 004c 0230A0E1 		mov	r3, r2
 2033 0050 8330A0E1 		mov	r3, r3, asl #1
 2034 0054 023083E0 		add	r3, r3, r2
 2035 0058 18201BE5 		ldr	r2, [fp, #-24]
 2036 005c 032082E0 		add	r2, r2, r3
 2037 0060 10101BE5 		ldr	r1, [fp, #-16]
 2038 0064 14301BE5 		ldr	r3, [fp, #-20]
 2039 0068 033081E0 		add	r3, r1, r3
 2040 006c FF3003E2 		and	r3, r3, #255
 2041 0070 0310A0E1 		mov	r1, r3
 2042 0074 0111A0E1 		mov	r1, r1, asl #2
 2043 0078 033081E0 		add	r3, r1, r3
 2044 007c 0310A0E1 		mov	r1, r3
 2045 0080 0101A0E1 		mov	r0, r1, asl #2
 2046 0084 0310A0E1 		mov	r1, r3
 2047 0088 0030A0E1 		mov	r3, r0
 2048 008c 033081E0 		add	r3, r1, r3
 2049 0090 FF3003E2 		and	r3, r3, #255
 2050 0094 0030C2E5 		strb	r3, [r2, #0]
  26:../main.c     ****             m[i*ncols+j].G = (i+j)*FACTOR;
 2051              		.loc 1 26 0 discriminator 2
 2052 0098 10301BE5 		ldr	r3, [fp, #-16]
 2053 009c 20201BE5 		ldr	r2, [fp, #-32]
 2054 00a0 930202E0 		mul	r2, r3, r2
 2055 00a4 14301BE5 		ldr	r3, [fp, #-20]
 2056 00a8 033082E0 		add	r3, r2, r3
 2057 00ac 0320A0E1 		mov	r2, r3
 2058 00b0 0230A0E1 		mov	r3, r2
 2059 00b4 8330A0E1 		mov	r3, r3, asl #1
 2060 00b8 023083E0 		add	r3, r3, r2
 2061 00bc 18201BE5 		ldr	r2, [fp, #-24]
 2062 00c0 032082E0 		add	r2, r2, r3
 2063 00c4 10101BE5 		ldr	r1, [fp, #-16]
 2064 00c8 14301BE5 		ldr	r3, [fp, #-20]
 2065 00cc 033081E0 		add	r3, r1, r3
 2066 00d0 FF3003E2 		and	r3, r3, #255
 2067 00d4 0310A0E1 		mov	r1, r3
 2068 00d8 0111A0E1 		mov	r1, r1, asl #2
 2069 00dc 033081E0 		add	r3, r1, r3
 2070 00e0 0310A0E1 		mov	r1, r3
 2071 00e4 0101A0E1 		mov	r0, r1, asl #2
 2072 00e8 0310A0E1 		mov	r1, r3
 2073 00ec 0030A0E1 		mov	r3, r0
 2074 00f0 033081E0 		add	r3, r1, r3
 2075 00f4 FF3003E2 		and	r3, r3, #255
 2076 00f8 0130C2E5 		strb	r3, [r2, #1]
  27:../main.c     ****             m[i*ncols+j].B = (i+j)*FACTOR;
 2077              		.loc 1 27 0 discriminator 2
 2078 00fc 10301BE5 		ldr	r3, [fp, #-16]
 2079 0100 20201BE5 		ldr	r2, [fp, #-32]
 2080 0104 930202E0 		mul	r2, r3, r2
 2081 0108 14301BE5 		ldr	r3, [fp, #-20]
 2082 010c 033082E0 		add	r3, r2, r3
 2083 0110 0320A0E1 		mov	r2, r3
 2084 0114 0230A0E1 		mov	r3, r2
 2085 0118 8330A0E1 		mov	r3, r3, asl #1
 2086 011c 023083E0 		add	r3, r3, r2
 2087 0120 18201BE5 		ldr	r2, [fp, #-24]
 2088 0124 032082E0 		add	r2, r2, r3
 2089 0128 10101BE5 		ldr	r1, [fp, #-16]
 2090 012c 14301BE5 		ldr	r3, [fp, #-20]
 2091 0130 033081E0 		add	r3, r1, r3
 2092 0134 FF3003E2 		and	r3, r3, #255
 2093 0138 0310A0E1 		mov	r1, r3
 2094 013c 0111A0E1 		mov	r1, r1, asl #2
 2095 0140 033081E0 		add	r3, r1, r3
 2096 0144 0310A0E1 		mov	r1, r3
 2097 0148 0101A0E1 		mov	r0, r1, asl #2
 2098 014c 0310A0E1 		mov	r1, r3
 2099 0150 0030A0E1 		mov	r3, r0
 2100 0154 033081E0 		add	r3, r1, r3
 2101 0158 FF3003E2 		and	r3, r3, #255
 2102 015c 0230C2E5 		strb	r3, [r2, #2]
  24:../main.c     ****         for (j=0; j<ncols; j++) {
 2103              		.loc 1 24 0 discriminator 2
 2104 0160 14301BE5 		ldr	r3, [fp, #-20]
 2105 0164 013083E2 		add	r3, r3, #1
 2106 0168 14300BE5 		str	r3, [fp, #-20]
 2107              	.L3:
  24:../main.c     ****         for (j=0; j<ncols; j++) {
 2108              		.loc 1 24 0 is_stmt 0 discriminator 1
 2109 016c 14201BE5 		ldr	r2, [fp, #-20]
 2110 0170 20301BE5 		ldr	r3, [fp, #-32]
 2111 0174 030052E1 		cmp	r2, r3
 2112 0178 ADFFFFBA 		blt	.L4
  23:../main.c     ****     for (i=0;i<nfilas;i++)
 2113              		.loc 1 23 0 is_stmt 1
 2114 017c 10301BE5 		ldr	r3, [fp, #-16]
 2115 0180 013083E2 		add	r3, r3, #1
 2116 0184 10300BE5 		str	r3, [fp, #-16]
 2117              	.L2:
  23:../main.c     ****     for (i=0;i<nfilas;i++)
 2118              		.loc 1 23 0 is_stmt 0 discriminator 1
 2119 0188 10201BE5 		ldr	r2, [fp, #-16]
 2120 018c 1C301BE5 		ldr	r3, [fp, #-28]
 2121 0190 030052E1 		cmp	r2, r3
 2122 0194 A3FFFFBA 		blt	.L5
  28:../main.c     ****         }
  29:../main.c     **** }
 2123              		.loc 1 29 0 is_stmt 1
 2124 0198 0CD04BE2 		sub	sp, fp, #12
 2125 019c 00689DE8 		ldmfd	sp, {fp, sp, lr}
 2126 01a0 1EFF2FE1 		bx	lr
 2127              		.cfi_endproc
 2128              	.LFE0:
 2130              		.align	2
 2131              		.global	main
 2133              	main:
 2134              	.LFB1:
  30:../main.c     **** 
  31:../main.c     **** 
  32:../main.c     **** 
  33:../main.c     **** int main() {
 2135              		.loc 1 33 0
 2136              		.cfi_startproc
 2137              		@ Function supports interworking.
 2138              		@ args = 0, pretend = 0, frame = 0
 2139              		@ frame_needed = 1, uses_anonymous_args = 0
 2140 01a4 0DC0A0E1 		mov	ip, sp
 2141              	.LCFI2:
 2142              		.cfi_def_cfa_register 12
 2143 01a8 00D82DE9 		stmfd	sp!, {fp, ip, lr, pc}
 2144 01ac 04B04CE2 		sub	fp, ip, #4
 2145              		.cfi_offset 14, -8
 2146              		.cfi_offset 13, -12
 2147              		.cfi_offset 11, -16
 2148              	.LCFI3:
 2149              		.cfi_def_cfa 11, 4
 2150 01b0 08D04DE2 		sub	sp, sp, #8
  34:../main.c     ****     
  35:../main.c     ****     initRGB(imagenRGB,N,M);
 2151              		.loc 1 35 0
 2152 01b4 60009FE5 		ldr	r0, .L7
 2153 01b8 0810A0E3 		mov	r1, #8
 2154 01bc 0420A0E3 		mov	r2, #4
 2155 01c0 FEFFFFEB 		bl	initRGB
  36:../main.c     ****     RGB2GrayMatrix(imagenRGB,imagenGris,N,M);
 2156              		.loc 1 36 0
 2157 01c4 50009FE5 		ldr	r0, .L7
 2158 01c8 50109FE5 		ldr	r1, .L7+4
 2159 01cc 0820A0E3 		mov	r2, #8
 2160 01d0 0430A0E3 		mov	r3, #4
 2161 01d4 FEFFFFEB 		bl	RGB2GrayMatrix
  37:../main.c     ****     Gray2BinaryMatrix(imagenGris,imagenBinaria,127,N,M);
 2162              		.loc 1 37 0
 2163 01d8 0430A0E3 		mov	r3, #4
 2164 01dc 00308DE5 		str	r3, [sp, #0]
 2165 01e0 38009FE5 		ldr	r0, .L7+4
 2166 01e4 38109FE5 		ldr	r1, .L7+8
 2167 01e8 7F20A0E3 		mov	r2, #127
 2168 01ec 0830A0E3 		mov	r3, #8
 2169 01f0 FEFFFFEB 		bl	Gray2BinaryMatrix
  38:../main.c     ****     contarUnos(imagenBinaria,unosPorFila,N,M);
 2170              		.loc 1 38 0
 2171 01f4 28009FE5 		ldr	r0, .L7+8
 2172 01f8 28109FE5 		ldr	r1, .L7+12
 2173 01fc 0820A0E3 		mov	r2, #8
 2174 0200 0430A0E3 		mov	r3, #4
 2175 0204 FEFFFFEB 		bl	contarUnos
  39:../main.c     ****     return 0;
 2176              		.loc 1 39 0
 2177 0208 0030A0E3 		mov	r3, #0
  40:../main.c     **** }
 2178              		.loc 1 40 0
 2179 020c 0300A0E1 		mov	r0, r3
 2180 0210 0CD04BE2 		sub	sp, fp, #12
 2181 0214 00689DE8 		ldmfd	sp, {fp, sp, lr}
 2182 0218 1EFF2FE1 		bx	lr
 2183              	.L8:
 2184              		.align	2
 2185              	.L7:
 2186 021c 00000000 		.word	imagenRGB
 2187 0220 00000000 		.word	imagenGris
 2188 0224 00000000 		.word	imagenBinaria
 2189 0228 00000000 		.word	unosPorFila
 2190              		.cfi_endproc
 2191              	.LFE1:
 2193              	.Letext0:
DEFINED SYMBOLS
                            *ABS*:00000000 main.c
                            *COM*:00000060 imagenRGB
                            *COM*:00000020 imagenGris
                            *COM*:00000020 imagenBinaria
                            *COM*:00000010 unosPorFila
C:\Users\USUARI~1\AppData\Local\Temp\ccCxMuqi.s:1991   .text:00000000 $a
C:\Users\USUARI~1\AppData\Local\Temp\ccCxMuqi.s:1994   .text:00000000 initRGB
C:\Users\USUARI~1\AppData\Local\Temp\ccCxMuqi.s:2133   .text:000001a4 main
C:\Users\USUARI~1\AppData\Local\Temp\ccCxMuqi.s:2186   .text:0000021c $d
                     .debug_frame:00000010 $d

UNDEFINED SYMBOLS
RGB2GrayMatrix
Gray2BinaryMatrix
contarUnos
