   1              		.cpu arm7tdmi
   2              		.fpu softvfp
   3              		.eabi_attribute 20, 1
   4              		.eabi_attribute 21, 1
   5              		.eabi_attribute 23, 3
   6              		.eabi_attribute 24, 1
   7              		.eabi_attribute 25, 1
   8              		.eabi_attribute 26, 1
   9              		.eabi_attribute 30, 6
  10              		.eabi_attribute 18, 4
  11              		.file	"led.c"
  21              	.Ltext0:
  22              		.file 1 "../led.c"
 1875              		.align	2
 1876              		.global	init_leds
 1878              	init_leds:
 1879              	.LFB0:
   1:../led.c      **** /*********************************************************************************************
   2:../led.c      **** * Fichero:		led.c
   3:../led.c      **** * Autor:		
   4:../led.c      **** * Descrip:		funciones de control de los LED de la placa
   5:../led.c      **** * Version:	
   6:../led.c      **** *********************************************************************************************/
   7:../led.c      **** 
   8:../led.c      **** /*--- ficheros de cabecera ---*/
   9:../led.c      **** #include "44b.h"
  10:../led.c      **** #include "44blib.h"
  11:../led.c      **** 
  12:../led.c      **** /*--- variables globales ---*/
  13:../led.c      **** // estado del LED: 0 -> ambos apagados. 1 -> Led1 encendido
  14:../led.c      **** // 2 -> led2 encendido. 3 -> ambos encendidos
  15:../led.c      **** int led_state;
  16:../led.c      **** 
  17:../led.c      **** /*--- declaracion de funciones ---*/
  18:../led.c      **** void leds_on();							// todos los leds encendidos 
  19:../led.c      **** void leds_off();						// todos los leds apagados 
  20:../led.c      **** void led1_on();							// led 1 encendido 	
  21:../led.c      **** void led1_off();						// led 1 apagado 	
  22:../led.c      **** void led2_on();							// led 2 encendido 	
  23:../led.c      **** void led2_off();						// led 2 apagado 	
  24:../led.c      **** void leds_switch();						// invierte el valor de los leds 
  25:../led.c      **** void Led_Display(int LedStatus);		// control directo del LED 	
  26:../led.c      **** 
  27:../led.c      **** 
  28:../led.c      **** // Inicializamos los leds encendiendo ambos
  29:../led.c      **** void init_leds() {
 1880              		.loc 1 29 0
 1881              		.cfi_startproc
 1882              		@ Function supports interworking.
 1883              		@ args = 0, pretend = 0, frame = 0
 1884              		@ frame_needed = 1, uses_anonymous_args = 0
 1885 0000 0DC0A0E1 		mov	ip, sp
 1886              	.LCFI0:
 1887              		.cfi_def_cfa_register 12
 1888 0004 00D82DE9 		stmfd	sp!, {fp, ip, lr, pc}
 1889 0008 04B04CE2 		sub	fp, ip, #4
 1890              		.cfi_offset 14, -8
 1891              		.cfi_offset 13, -12
 1892              		.cfi_offset 11, -16
 1893              	.LCFI1:
 1894              		.cfi_def_cfa 11, 4
  30:../led.c      **** 	rPCONB = 0x1cf;
 1895              		.loc 1 30 0
 1896 000c 28309FE5 		ldr	r3, .L2
 1897 0010 28209FE5 		ldr	r2, .L2+4
 1898 0014 002083E5 		str	r2, [r3, #0]
  31:../led.c      **** 	rPDATB = 0x000;
 1899              		.loc 1 31 0
 1900 0018 24309FE5 		ldr	r3, .L2+8
 1901 001c 0020A0E3 		mov	r2, #0
 1902 0020 002083E5 		str	r2, [r3, #0]
  32:../led.c      **** 	led_state = 0x3;
 1903              		.loc 1 32 0
 1904 0024 1C309FE5 		ldr	r3, .L2+12
 1905 0028 0320A0E3 		mov	r2, #3
 1906 002c 002083E5 		str	r2, [r3, #0]
  33:../led.c      **** }
 1907              		.loc 1 33 0
 1908 0030 0CD04BE2 		sub	sp, fp, #12
 1909 0034 00689DE8 		ldmfd	sp, {fp, sp, lr}
 1910 0038 1EFF2FE1 		bx	lr
 1911              	.L3:
 1912              		.align	2
 1913              	.L2:
 1914 003c 0800D201 		.word	30539784
 1915 0040 CF010000 		.word	463
 1916 0044 0C00D201 		.word	30539788
 1917 0048 00000000 		.word	led_state
 1918              		.cfi_endproc
 1919              	.LFE0:
 1921              		.align	2
 1922              		.global	leds_on
 1924              	leds_on:
 1925              	.LFB1:
  34:../led.c      **** /*--- codigo de las funciones ---*/
  35:../led.c      **** void leds_on()
  36:../led.c      **** {
 1926              		.loc 1 36 0
 1927              		.cfi_startproc
 1928              		@ Function supports interworking.
 1929              		@ args = 0, pretend = 0, frame = 0
 1930              		@ frame_needed = 1, uses_anonymous_args = 0
 1931 004c 0DC0A0E1 		mov	ip, sp
 1932              	.LCFI2:
 1933              		.cfi_def_cfa_register 12
 1934 0050 00D82DE9 		stmfd	sp!, {fp, ip, lr, pc}
 1935 0054 04B04CE2 		sub	fp, ip, #4
 1936              		.cfi_offset 14, -8
 1937              		.cfi_offset 13, -12
 1938              		.cfi_offset 11, -16
 1939              	.LCFI3:
 1940              		.cfi_def_cfa 11, 4
  37:../led.c      **** 	Led_Display(0x3);
 1941              		.loc 1 37 0
 1942 0058 0300A0E3 		mov	r0, #3
 1943 005c FEFFFFEB 		bl	Led_Display
  38:../led.c      **** }
 1944              		.loc 1 38 0
 1945 0060 0CD04BE2 		sub	sp, fp, #12
 1946 0064 00689DE8 		ldmfd	sp, {fp, sp, lr}
 1947 0068 1EFF2FE1 		bx	lr
 1948              		.cfi_endproc
 1949              	.LFE1:
 1951              		.align	2
 1952              		.global	leds_off
 1954              	leds_off:
 1955              	.LFB2:
  39:../led.c      **** 
  40:../led.c      **** void leds_off()
  41:../led.c      **** {
 1956              		.loc 1 41 0
 1957              		.cfi_startproc
 1958              		@ Function supports interworking.
 1959              		@ args = 0, pretend = 0, frame = 0
 1960              		@ frame_needed = 1, uses_anonymous_args = 0
 1961 006c 0DC0A0E1 		mov	ip, sp
 1962              	.LCFI4:
 1963              		.cfi_def_cfa_register 12
 1964 0070 00D82DE9 		stmfd	sp!, {fp, ip, lr, pc}
 1965 0074 04B04CE2 		sub	fp, ip, #4
 1966              		.cfi_offset 14, -8
 1967              		.cfi_offset 13, -12
 1968              		.cfi_offset 11, -16
 1969              	.LCFI5:
 1970              		.cfi_def_cfa 11, 4
  42:../led.c      **** 	Led_Display(0x0);
 1971              		.loc 1 42 0
 1972 0078 0000A0E3 		mov	r0, #0
 1973 007c FEFFFFEB 		bl	Led_Display
  43:../led.c      **** }
 1974              		.loc 1 43 0
 1975 0080 0CD04BE2 		sub	sp, fp, #12
 1976 0084 00689DE8 		ldmfd	sp, {fp, sp, lr}
 1977 0088 1EFF2FE1 		bx	lr
 1978              		.cfi_endproc
 1979              	.LFE2:
 1981              		.align	2
 1982              		.global	led1_on
 1984              	led1_on:
 1985              	.LFB3:
  44:../led.c      **** 
  45:../led.c      **** void led1_on()
  46:../led.c      **** {
 1986              		.loc 1 46 0
 1987              		.cfi_startproc
 1988              		@ Function supports interworking.
 1989              		@ args = 0, pretend = 0, frame = 0
 1990              		@ frame_needed = 1, uses_anonymous_args = 0
 1991 008c 0DC0A0E1 		mov	ip, sp
 1992              	.LCFI6:
 1993              		.cfi_def_cfa_register 12
 1994 0090 00D82DE9 		stmfd	sp!, {fp, ip, lr, pc}
 1995 0094 04B04CE2 		sub	fp, ip, #4
 1996              		.cfi_offset 14, -8
 1997              		.cfi_offset 13, -12
 1998              		.cfi_offset 11, -16
 1999              	.LCFI7:
 2000              		.cfi_def_cfa 11, 4
  47:../led.c      **** 	led_state = led_state | 0x1;
 2001              		.loc 1 47 0
 2002 0098 28309FE5 		ldr	r3, .L7
 2003 009c 003093E5 		ldr	r3, [r3, #0]
 2004 00a0 012083E3 		orr	r2, r3, #1
 2005 00a4 1C309FE5 		ldr	r3, .L7
 2006 00a8 002083E5 		str	r2, [r3, #0]
  48:../led.c      **** 	Led_Display(led_state);
 2007              		.loc 1 48 0
 2008 00ac 14309FE5 		ldr	r3, .L7
 2009 00b0 003093E5 		ldr	r3, [r3, #0]
 2010 00b4 0300A0E1 		mov	r0, r3
 2011 00b8 FEFFFFEB 		bl	Led_Display
  49:../led.c      **** }
 2012              		.loc 1 49 0
 2013 00bc 0CD04BE2 		sub	sp, fp, #12
 2014 00c0 00689DE8 		ldmfd	sp, {fp, sp, lr}
 2015 00c4 1EFF2FE1 		bx	lr
 2016              	.L8:
 2017              		.align	2
 2018              	.L7:
 2019 00c8 00000000 		.word	led_state
 2020              		.cfi_endproc
 2021              	.LFE3:
 2023              		.align	2
 2024              		.global	led1_off
 2026              	led1_off:
 2027              	.LFB4:
  50:../led.c      **** 
  51:../led.c      **** void led1_off()
  52:../led.c      **** {
 2028              		.loc 1 52 0
 2029              		.cfi_startproc
 2030              		@ Function supports interworking.
 2031              		@ args = 0, pretend = 0, frame = 0
 2032              		@ frame_needed = 1, uses_anonymous_args = 0
 2033 00cc 0DC0A0E1 		mov	ip, sp
 2034              	.LCFI8:
 2035              		.cfi_def_cfa_register 12
 2036 00d0 00D82DE9 		stmfd	sp!, {fp, ip, lr, pc}
 2037 00d4 04B04CE2 		sub	fp, ip, #4
 2038              		.cfi_offset 14, -8
 2039              		.cfi_offset 13, -12
 2040              		.cfi_offset 11, -16
 2041              	.LCFI9:
 2042              		.cfi_def_cfa 11, 4
  53:../led.c      **** 	led_state = led_state & 0xfe;
 2043              		.loc 1 53 0
 2044 00d8 28309FE5 		ldr	r3, .L10
 2045 00dc 003093E5 		ldr	r3, [r3, #0]
 2046 00e0 FE2003E2 		and	r2, r3, #254
 2047 00e4 1C309FE5 		ldr	r3, .L10
 2048 00e8 002083E5 		str	r2, [r3, #0]
  54:../led.c      **** 	Led_Display(led_state);
 2049              		.loc 1 54 0
 2050 00ec 14309FE5 		ldr	r3, .L10
 2051 00f0 003093E5 		ldr	r3, [r3, #0]
 2052 00f4 0300A0E1 		mov	r0, r3
 2053 00f8 FEFFFFEB 		bl	Led_Display
  55:../led.c      **** }
 2054              		.loc 1 55 0
 2055 00fc 0CD04BE2 		sub	sp, fp, #12
 2056 0100 00689DE8 		ldmfd	sp, {fp, sp, lr}
 2057 0104 1EFF2FE1 		bx	lr
 2058              	.L11:
 2059              		.align	2
 2060              	.L10:
 2061 0108 00000000 		.word	led_state
 2062              		.cfi_endproc
 2063              	.LFE4:
 2065              		.align	2
 2066              		.global	led2_on
 2068              	led2_on:
 2069              	.LFB5:
  56:../led.c      **** 
  57:../led.c      **** void led2_on()
  58:../led.c      **** {
 2070              		.loc 1 58 0
 2071              		.cfi_startproc
 2072              		@ Function supports interworking.
 2073              		@ args = 0, pretend = 0, frame = 0
 2074              		@ frame_needed = 1, uses_anonymous_args = 0
 2075 010c 0DC0A0E1 		mov	ip, sp
 2076              	.LCFI10:
 2077              		.cfi_def_cfa_register 12
 2078 0110 00D82DE9 		stmfd	sp!, {fp, ip, lr, pc}
 2079 0114 04B04CE2 		sub	fp, ip, #4
 2080              		.cfi_offset 14, -8
 2081              		.cfi_offset 13, -12
 2082              		.cfi_offset 11, -16
 2083              	.LCFI11:
 2084              		.cfi_def_cfa 11, 4
  59:../led.c      **** 	led_state = led_state | 0x2;
 2085              		.loc 1 59 0
 2086 0118 28309FE5 		ldr	r3, .L13
 2087 011c 003093E5 		ldr	r3, [r3, #0]
 2088 0120 022083E3 		orr	r2, r3, #2
 2089 0124 1C309FE5 		ldr	r3, .L13
 2090 0128 002083E5 		str	r2, [r3, #0]
  60:../led.c      **** 	Led_Display(led_state);
 2091              		.loc 1 60 0
 2092 012c 14309FE5 		ldr	r3, .L13
 2093 0130 003093E5 		ldr	r3, [r3, #0]
 2094 0134 0300A0E1 		mov	r0, r3
 2095 0138 FEFFFFEB 		bl	Led_Display
  61:../led.c      **** }
 2096              		.loc 1 61 0
 2097 013c 0CD04BE2 		sub	sp, fp, #12
 2098 0140 00689DE8 		ldmfd	sp, {fp, sp, lr}
 2099 0144 1EFF2FE1 		bx	lr
 2100              	.L14:
 2101              		.align	2
 2102              	.L13:
 2103 0148 00000000 		.word	led_state
 2104              		.cfi_endproc
 2105              	.LFE5:
 2107              		.align	2
 2108              		.global	led2_off
 2110              	led2_off:
 2111              	.LFB6:
  62:../led.c      **** 
  63:../led.c      **** void led2_off()
  64:../led.c      **** {
 2112              		.loc 1 64 0
 2113              		.cfi_startproc
 2114              		@ Function supports interworking.
 2115              		@ args = 0, pretend = 0, frame = 0
 2116              		@ frame_needed = 1, uses_anonymous_args = 0
 2117 014c 0DC0A0E1 		mov	ip, sp
 2118              	.LCFI12:
 2119              		.cfi_def_cfa_register 12
 2120 0150 00D82DE9 		stmfd	sp!, {fp, ip, lr, pc}
 2121 0154 04B04CE2 		sub	fp, ip, #4
 2122              		.cfi_offset 14, -8
 2123              		.cfi_offset 13, -12
 2124              		.cfi_offset 11, -16
 2125              	.LCFI13:
 2126              		.cfi_def_cfa 11, 4
  65:../led.c      **** 	led_state = led_state & 0xfd;
 2127              		.loc 1 65 0
 2128 0158 28309FE5 		ldr	r3, .L16
 2129 015c 003093E5 		ldr	r3, [r3, #0]
 2130 0160 FD2003E2 		and	r2, r3, #253
 2131 0164 1C309FE5 		ldr	r3, .L16
 2132 0168 002083E5 		str	r2, [r3, #0]
  66:../led.c      **** 	Led_Display(led_state);
 2133              		.loc 1 66 0
 2134 016c 14309FE5 		ldr	r3, .L16
 2135 0170 003093E5 		ldr	r3, [r3, #0]
 2136 0174 0300A0E1 		mov	r0, r3
 2137 0178 FEFFFFEB 		bl	Led_Display
  67:../led.c      **** }
 2138              		.loc 1 67 0
 2139 017c 0CD04BE2 		sub	sp, fp, #12
 2140 0180 00689DE8 		ldmfd	sp, {fp, sp, lr}
 2141 0184 1EFF2FE1 		bx	lr
 2142              	.L17:
 2143              		.align	2
 2144              	.L16:
 2145 0188 00000000 		.word	led_state
 2146              		.cfi_endproc
 2147              	.LFE6:
 2149              		.align	2
 2150              		.global	switchLed1
 2152              	switchLed1:
 2153              	.LFB7:
  68:../led.c      **** void switchLed1() {
 2154              		.loc 1 68 0
 2155              		.cfi_startproc
 2156              		@ Function supports interworking.
 2157              		@ args = 0, pretend = 0, frame = 0
 2158              		@ frame_needed = 1, uses_anonymous_args = 0
 2159 018c 0DC0A0E1 		mov	ip, sp
 2160              	.LCFI14:
 2161              		.cfi_def_cfa_register 12
 2162 0190 00D82DE9 		stmfd	sp!, {fp, ip, lr, pc}
 2163 0194 04B04CE2 		sub	fp, ip, #4
 2164              		.cfi_offset 14, -8
 2165              		.cfi_offset 13, -12
 2166              		.cfi_offset 11, -16
 2167              	.LCFI15:
 2168              		.cfi_def_cfa 11, 4
  69:../led.c      **** /*TAREA 4a*/
  70:../led.c      **** /*El alumno/a debe completar esta funcion para que cambie el estado del led 1, 
  71:../led.c      **** si estaba encendido debera apagarlo
  72:../led.c      **** y si esta apagado encenderlo */
  73:../led.c      **** if (led_state == led_state | 0x1)
  74:../led.c      **** 	led1_off();
 2169              		.loc 1 74 0
 2170 0198 FEFFFFEB 		bl	led1_off
  75:../led.c      **** else
  76:../led.c      **** 	led1_on();
  77:../led.c      **** /*fin TAREA 4a*/
  78:../led.c      **** }
 2171              		.loc 1 78 0
 2172 019c 0CD04BE2 		sub	sp, fp, #12
 2173 01a0 00689DE8 		ldmfd	sp, {fp, sp, lr}
 2174 01a4 1EFF2FE1 		bx	lr
 2175              		.cfi_endproc
 2176              	.LFE7:
 2178              		.align	2
 2179              		.global	switchLed2
 2181              	switchLed2:
 2182              	.LFB8:
  79:../led.c      **** 
  80:../led.c      **** void switchLed2() {
 2183              		.loc 1 80 0
 2184              		.cfi_startproc
 2185              		@ Function supports interworking.
 2186              		@ args = 0, pretend = 0, frame = 0
 2187              		@ frame_needed = 1, uses_anonymous_args = 0
 2188 01a8 0DC0A0E1 		mov	ip, sp
 2189              	.LCFI16:
 2190              		.cfi_def_cfa_register 12
 2191 01ac 00D82DE9 		stmfd	sp!, {fp, ip, lr, pc}
 2192 01b0 04B04CE2 		sub	fp, ip, #4
 2193              		.cfi_offset 14, -8
 2194              		.cfi_offset 13, -12
 2195              		.cfi_offset 11, -16
 2196              	.LCFI17:
 2197              		.cfi_def_cfa 11, 4
  81:../led.c      **** /*TAREA 4b*/
  82:../led.c      **** /*El alumno/a debe completar esta funcion para que cambie el estado del led 2, 
  83:../led.c      **** si estaba encendido debera apagarlo
  84:../led.c      **** y si esta apagado encenderlo */
  85:../led.c      **** 	if (led_state == led_state | 0x2)
  86:../led.c      **** 		led2_off();
 2198              		.loc 1 86 0
 2199 01b4 FEFFFFEB 		bl	led2_off
  87:../led.c      **** 	else
  88:../led.c      **** 		led2_on();
  89:../led.c      **** /*fin TAREA 4b*/
  90:../led.c      **** }
 2200              		.loc 1 90 0
 2201 01b8 0CD04BE2 		sub	sp, fp, #12
 2202 01bc 00689DE8 		ldmfd	sp, {fp, sp, lr}
 2203 01c0 1EFF2FE1 		bx	lr
 2204              		.cfi_endproc
 2205              	.LFE8:
 2207              		.align	2
 2208              		.global	leds_switch
 2210              	leds_switch:
 2211              	.LFB9:
  91:../led.c      **** 
  92:../led.c      **** void leds_switch ()
  93:../led.c      **** {
 2212              		.loc 1 93 0
 2213              		.cfi_startproc
 2214              		@ Function supports interworking.
 2215              		@ args = 0, pretend = 0, frame = 0
 2216              		@ frame_needed = 1, uses_anonymous_args = 0
 2217 01c4 0DC0A0E1 		mov	ip, sp
 2218              	.LCFI18:
 2219              		.cfi_def_cfa_register 12
 2220 01c8 00D82DE9 		stmfd	sp!, {fp, ip, lr, pc}
 2221 01cc 04B04CE2 		sub	fp, ip, #4
 2222              		.cfi_offset 14, -8
 2223              		.cfi_offset 13, -12
 2224              		.cfi_offset 11, -16
 2225              	.LCFI19:
 2226              		.cfi_def_cfa 11, 4
  94:../led.c      ****     led_state ^= 0x03;
 2227              		.loc 1 94 0
 2228 01d0 28309FE5 		ldr	r3, .L21
 2229 01d4 003093E5 		ldr	r3, [r3, #0]
 2230 01d8 032023E2 		eor	r2, r3, #3
 2231 01dc 1C309FE5 		ldr	r3, .L21
 2232 01e0 002083E5 		str	r2, [r3, #0]
  95:../led.c      ****     Led_Display(led_state);
 2233              		.loc 1 95 0
 2234 01e4 14309FE5 		ldr	r3, .L21
 2235 01e8 003093E5 		ldr	r3, [r3, #0]
 2236 01ec 0300A0E1 		mov	r0, r3
 2237 01f0 FEFFFFEB 		bl	Led_Display
  96:../led.c      ****     
  97:../led.c      **** }
 2238              		.loc 1 97 0
 2239 01f4 0CD04BE2 		sub	sp, fp, #12
 2240 01f8 00689DE8 		ldmfd	sp, {fp, sp, lr}
 2241 01fc 1EFF2FE1 		bx	lr
 2242              	.L22:
 2243              		.align	2
 2244              	.L21:
 2245 0200 00000000 		.word	led_state
 2246              		.cfi_endproc
 2247              	.LFE9:
 2249              		.align	2
 2250              		.global	Led_Display
 2252              	Led_Display:
 2253              	.LFB10:
  98:../led.c      **** 
  99:../led.c      **** void Led_Display(int LedStatus)
 100:../led.c      **** {	
 2254              		.loc 1 100 0
 2255              		.cfi_startproc
 2256              		@ Function supports interworking.
 2257              		@ args = 0, pretend = 0, frame = 8
 2258              		@ frame_needed = 1, uses_anonymous_args = 0
 2259 0204 0DC0A0E1 		mov	ip, sp
 2260              	.LCFI20:
 2261              		.cfi_def_cfa_register 12
 2262 0208 00D82DE9 		stmfd	sp!, {fp, ip, lr, pc}
 2263 020c 04B04CE2 		sub	fp, ip, #4
 2264              		.cfi_offset 14, -8
 2265              		.cfi_offset 13, -12
 2266              		.cfi_offset 11, -16
 2267              	.LCFI21:
 2268              		.cfi_def_cfa 11, 4
 2269 0210 08D04DE2 		sub	sp, sp, #8
 2270 0214 10000BE5 		str	r0, [fp, #-16]
 101:../led.c      **** 	led_state = LedStatus;
 2271              		.loc 1 101 0
 2272 0218 94309FE5 		ldr	r3, .L28
 2273 021c 10201BE5 		ldr	r2, [fp, #-16]
 2274 0220 002083E5 		str	r2, [r3, #0]
 102:../led.c      **** 	
 103:../led.c      **** 	if((LedStatus&0x01)==0x01)
 2275              		.loc 1 103 0
 2276 0224 10301BE5 		ldr	r3, [fp, #-16]
 2277 0228 013003E2 		and	r3, r3, #1
 2278 022c FF3003E2 		and	r3, r3, #255
 2279 0230 000053E3 		cmp	r3, #0
 2280 0234 0600000A 		beq	.L24
 104:../led.c      **** 		rPDATB=rPDATB&0x5ff; /* poner a 0 el bit 9 del puerto B */
 2281              		.loc 1 104 0
 2282 0238 78209FE5 		ldr	r2, .L28+4
 2283 023c 74309FE5 		ldr	r3, .L28+4
 2284 0240 001093E5 		ldr	r1, [r3, #0]
 2285 0244 70309FE5 		ldr	r3, .L28+8
 2286 0248 033001E0 		and	r3, r1, r3
 2287 024c 003082E5 		str	r3, [r2, #0]
 2288 0250 040000EA 		b	.L25
 2289              	.L24:
 105:../led.c      **** 	else
 106:../led.c      **** 		rPDATB=rPDATB|0x200; /* poner a 1 el bit 9 del puerto B */
 2290              		.loc 1 106 0
 2291 0254 5C309FE5 		ldr	r3, .L28+4
 2292 0258 58209FE5 		ldr	r2, .L28+4
 2293 025c 002092E5 		ldr	r2, [r2, #0]
 2294 0260 022C82E3 		orr	r2, r2, #512
 2295 0264 002083E5 		str	r2, [r3, #0]
 2296              	.L25:
 107:../led.c      **** 	
 108:../led.c      **** 	if((LedStatus&0x02)==0x02)
 2297              		.loc 1 108 0
 2298 0268 10301BE5 		ldr	r3, [fp, #-16]
 2299 026c 023003E2 		and	r3, r3, #2
 2300 0270 000053E3 		cmp	r3, #0
 2301 0274 0600000A 		beq	.L26
 109:../led.c      **** 		rPDATB=rPDATB&0x3ff; /* poner a 0 el bit 10 del puerto B */
 2302              		.loc 1 109 0
 2303 0278 38209FE5 		ldr	r2, .L28+4
 2304 027c 34309FE5 		ldr	r3, .L28+4
 2305 0280 003093E5 		ldr	r3, [r3, #0]
 2306 0284 033BA0E1 		mov	r3, r3, asl #22
 2307 0288 233BA0E1 		mov	r3, r3, lsr #22
 2308 028c 003082E5 		str	r3, [r2, #0]
 2309 0290 040000EA 		b	.L23
 2310              	.L26:
 110:../led.c      **** 	else
 111:../led.c      **** 		rPDATB=rPDATB|0x400; /* poner a 1 el bit 10 del puerto B */
 2311              		.loc 1 111 0
 2312 0294 1C309FE5 		ldr	r3, .L28+4
 2313 0298 18209FE5 		ldr	r2, .L28+4
 2314 029c 002092E5 		ldr	r2, [r2, #0]
 2315 02a0 012B82E3 		orr	r2, r2, #1024
 2316 02a4 002083E5 		str	r2, [r3, #0]
 2317              	.L23:
 112:../led.c      **** }
 2318              		.loc 1 112 0
 2319 02a8 0CD04BE2 		sub	sp, fp, #12
 2320 02ac 00689DE8 		ldmfd	sp, {fp, sp, lr}
 2321 02b0 1EFF2FE1 		bx	lr
 2322              	.L29:
 2323              		.align	2
 2324              	.L28:
 2325 02b4 00000000 		.word	led_state
 2326 02b8 0C00D201 		.word	30539788
 2327 02bc FF050000 		.word	1535
 2328              		.cfi_endproc
 2329              	.LFE10:
 2331              	.Letext0:
DEFINED SYMBOLS
                            *ABS*:00000000 led.c
                            *COM*:00000004 led_state
C:\Users\USUARI~1\AppData\Local\Temp\cctQhusa.s:1875   .text:00000000 $a
C:\Users\USUARI~1\AppData\Local\Temp\cctQhusa.s:1878   .text:00000000 init_leds
C:\Users\USUARI~1\AppData\Local\Temp\cctQhusa.s:1914   .text:0000003c $d
C:\Users\USUARI~1\AppData\Local\Temp\cctQhusa.s:1921   .text:0000004c $a
C:\Users\USUARI~1\AppData\Local\Temp\cctQhusa.s:1924   .text:0000004c leds_on
C:\Users\USUARI~1\AppData\Local\Temp\cctQhusa.s:2252   .text:00000204 Led_Display
C:\Users\USUARI~1\AppData\Local\Temp\cctQhusa.s:1954   .text:0000006c leds_off
C:\Users\USUARI~1\AppData\Local\Temp\cctQhusa.s:1984   .text:0000008c led1_on
C:\Users\USUARI~1\AppData\Local\Temp\cctQhusa.s:2019   .text:000000c8 $d
C:\Users\USUARI~1\AppData\Local\Temp\cctQhusa.s:2023   .text:000000cc $a
C:\Users\USUARI~1\AppData\Local\Temp\cctQhusa.s:2026   .text:000000cc led1_off
C:\Users\USUARI~1\AppData\Local\Temp\cctQhusa.s:2061   .text:00000108 $d
C:\Users\USUARI~1\AppData\Local\Temp\cctQhusa.s:2065   .text:0000010c $a
C:\Users\USUARI~1\AppData\Local\Temp\cctQhusa.s:2068   .text:0000010c led2_on
C:\Users\USUARI~1\AppData\Local\Temp\cctQhusa.s:2103   .text:00000148 $d
C:\Users\USUARI~1\AppData\Local\Temp\cctQhusa.s:2107   .text:0000014c $a
C:\Users\USUARI~1\AppData\Local\Temp\cctQhusa.s:2110   .text:0000014c led2_off
C:\Users\USUARI~1\AppData\Local\Temp\cctQhusa.s:2145   .text:00000188 $d
C:\Users\USUARI~1\AppData\Local\Temp\cctQhusa.s:2149   .text:0000018c $a
C:\Users\USUARI~1\AppData\Local\Temp\cctQhusa.s:2152   .text:0000018c switchLed1
C:\Users\USUARI~1\AppData\Local\Temp\cctQhusa.s:2181   .text:000001a8 switchLed2
C:\Users\USUARI~1\AppData\Local\Temp\cctQhusa.s:2210   .text:000001c4 leds_switch
C:\Users\USUARI~1\AppData\Local\Temp\cctQhusa.s:2245   .text:00000200 $d
C:\Users\USUARI~1\AppData\Local\Temp\cctQhusa.s:2249   .text:00000204 $a
C:\Users\USUARI~1\AppData\Local\Temp\cctQhusa.s:2325   .text:000002b4 $d
                     .debug_frame:00000010 $d

NO UNDEFINED SYMBOLS
