   1              		.cpu arm7tdmi
   2              		.fpu softvfp
   3              		.eabi_attribute 20, 1
   4              		.eabi_attribute 21, 1
   5              		.eabi_attribute 23, 3
   6              		.eabi_attribute 24, 1
   7              		.eabi_attribute 25, 1
   8              		.eabi_attribute 26, 1
   9              		.eabi_attribute 30, 4
  10              		.eabi_attribute 18, 4
  11              		.file	"boton.c"
  12              		.text
  13              		.align	2
  14              		.global	Eint4567_ISR
  16              	Eint4567_ISR:
  17              		@ Interrupt Service Routine.
  18              		@ args = 0, pretend = 0, frame = 0
  19              		@ frame_needed = 0, uses_anonymous_args = 0
  20              		@ link register save eliminated.
  21 0000 0E002DE9 		stmfd	sp!, {r1, r2, r3}
  22 0004 1E36A0E3 		mov	r3, #31457280
  23 0008 203093E5 		ldr	r3, [r3, #32]
  24 000c 020653E3 		cmp	r3, #2097152
  25 0010 1900001A 		bne	.L1
  26 0014 68209FE5 		ldr	r2, .L8
  27 0018 543092E5 		ldr	r3, [r2, #84]
  28 001c 0C3003E2 		and	r3, r3, #12
  29 0020 040053E3 		cmp	r3, #4
  30 0024 0200000A 		beq	.L4
  31 0028 080053E3 		cmp	r3, #8
  32 002c 0C00001A 		bne	.L3
  33 0030 060000EA 		b	.L7
  34              	.L4:
  35 0034 4C309FE5 		ldr	r3, .L8+4
  36 0038 001093E5 		ldr	r1, [r3, #0]
  37 003c 011071E2 		rsbs	r1, r1, #1
  38 0040 0010A033 		movcc	r1, #0
  39 0044 001083E5 		str	r1, [r3, #0]
  40 0048 0110A0E3 		mov	r1, #1
  41 004c 030000EA 		b	.L6
  42              	.L7:
  43 0050 30309FE5 		ldr	r3, .L8+4
  44 0054 0110A0E3 		mov	r1, #1
  45 0058 081083E5 		str	r1, [r3, #8]
  46 005c 041081E2 		add	r1, r1, #4
  47              	.L6:
  48 0060 041083E5 		str	r1, [r3, #4]
  49              	.L3:
  50 0064 0F30A0E3 		mov	r3, #15
  51 0068 543082E5 		str	r3, [r2, #84]
  52 006c 1E36A0E3 		mov	r3, #31457280
  53 0070 242093E5 		ldr	r2, [r3, #36]
  54 0074 022682E3 		orr	r2, r2, #2097152
  55 0078 242083E5 		str	r2, [r3, #36]
  56              	.L1:
  57 007c 0E00BDE8 		ldmfd	sp!, {r1, r2, r3}
  58 0080 04F05EE2 		subs	pc, lr, #4
  59              	.L9:
  60              		.align	2
  61              	.L8:
  62 0084 0000D201 		.word	30539776
  63 0088 00000000 		.word	.LANCHOR0
  65              		.align	2
  66              		.global	EliminaRebotes
  68              	EliminaRebotes:
  69              		@ Function supports interworking.
  70              		@ args = 0, pretend = 0, frame = 0
  71              		@ frame_needed = 0, uses_anonymous_args = 0
  72              		@ link register save eliminated.
  73 008c 1EFF2FE1 		bx	lr
  75              		.align	2
  76              		.global	Eint4567_init
  78              	Eint4567_init:
  79              		@ Function supports interworking.
  80              		@ args = 0, pretend = 0, frame = 0
  81              		@ frame_needed = 0, uses_anonymous_args = 0
  82              		@ link register save eliminated.
  83 0090 64309FE5 		ldr	r3, .L12
  84 0094 30002DE9 		stmfd	sp!, {r4, r5}
  85 0098 1E26A0E3 		mov	r2, #31457280
  86 009c 0010A0E3 		mov	r1, #0
  87 00a0 00C0E0E3 		mvn	ip, #0
  88 00a4 0F00A0E3 		mov	r0, #15
  89 00a8 0140A0E3 		mov	r4, #1
  90 00ac 24C082E5 		str	ip, [r2, #36]
  91 00b0 540083E5 		str	r0, [r3, #84]
  92 00b4 081082E5 		str	r1, [r2, #8]
  93 00b8 004082E5 		str	r4, [r2, #0]
  94 00bc 4246E0E3 		mvn	r4, #69206016
  95 00c0 0C4082E5 		str	r4, [r2, #12]
  96 00c4 34509FE5 		ldr	r5, .L12+4
  97 00c8 34409FE5 		ldr	r4, .L12+8
  98 00cc 8B5004E5 		str	r5, [r4, #-139]
  99 00d0 30409FE5 		ldr	r4, .L12+12
 100 00d4 404083E5 		str	r4, [r3, #64]
 101 00d8 481083E5 		str	r1, [r3, #72]
 102 00dc 28109FE5 		ldr	r1, .L12+16
 103 00e0 504093E5 		ldr	r4, [r3, #80]
 104 00e4 011084E1 		orr	r1, r4, r1
 105 00e8 501083E5 		str	r1, [r3, #80]
 106 00ec 24C082E5 		str	ip, [r2, #36]
 107 00f0 540083E5 		str	r0, [r3, #84]
 108 00f4 3000BDE8 		ldmfd	sp!, {r4, r5}
 109 00f8 1EFF2FE1 		bx	lr
 110              	.L13:
 111              		.align	2
 112              	.L12:
 113 00fc 0000D201 		.word	30539776
 114 0100 00000000 		.word	Eint4567_ISR
 115 0104 FFFF7F0C 		.word	209715199
 116 0108 FFFF0000 		.word	65535
 117 010c 22222222 		.word	572662306
 119              		.global	update
 120              		.global	pausa
 121              		.global	resetsymbol
 122              		.bss
 123              		.align	2
 124              		.set	.LANCHOR0,. + 0
 127              	pausa:
 128 0000 00000000 		.space	4
 131              	update:
 132 0004 00000000 		.space	4
 135              	resetsymbol:
 136 0008 00000000 		.space	4
 137              		.ident	"GCC: (Sourcery G++ Lite 2011.03-42) 4.5.2"
DEFINED SYMBOLS
                            *ABS*:00000000 boton.c
C:\Users\USUARI~1\AppData\Local\Temp\ccg67YMf.s:13     .text:00000000 $a
C:\Users\USUARI~1\AppData\Local\Temp\ccg67YMf.s:16     .text:00000000 Eint4567_ISR
C:\Users\USUARI~1\AppData\Local\Temp\ccg67YMf.s:62     .text:00000084 $d
C:\Users\USUARI~1\AppData\Local\Temp\ccg67YMf.s:65     .text:0000008c $a
C:\Users\USUARI~1\AppData\Local\Temp\ccg67YMf.s:68     .text:0000008c EliminaRebotes
C:\Users\USUARI~1\AppData\Local\Temp\ccg67YMf.s:78     .text:00000090 Eint4567_init
C:\Users\USUARI~1\AppData\Local\Temp\ccg67YMf.s:113    .text:000000fc $d
C:\Users\USUARI~1\AppData\Local\Temp\ccg67YMf.s:131    .bss:00000004 update
C:\Users\USUARI~1\AppData\Local\Temp\ccg67YMf.s:127    .bss:00000000 pausa
C:\Users\USUARI~1\AppData\Local\Temp\ccg67YMf.s:135    .bss:00000008 resetsymbol
C:\Users\USUARI~1\AppData\Local\Temp\ccg67YMf.s:123    .bss:00000000 $d

NO UNDEFINED SYMBOLS
